JCFLIGHT CAIXAPRETA - Iniciada em:26/01/2021 23:13:34.691
IMU,23:13:34.702,-50,-6,513,0,0,0
MAG,23:13:34.702,-1595,-3005,1610
ATTITUDE,23:13:34.702,-6,55,222,STABILIZE
RADIO,23:13:34.702,1000,1500,1500,1500,1000,1000,1000,1000,1000,1000,1000,1000
IMU,23:13:34.727,-49,-6,513,0,0,0
MAG,23:13:34.727,-1595,-3005,1610
ATTITUDE,23:13:34.727,-6,55,222,STABILIZE
RADIO,23:13:34.727,1000,1500,1500,1500,1000,1000,1000,1000,1000,1000,1000,1000
IMU,23:13:34.749,-49,-6,513,0,0,0
MAG,23:13:34.749,-1450,-3000,1690
ATTITUDE,23:13:34.749,-6,54,225,STABILIZE
RADIO,23:13:34.749,1000,1500,1500,1500,1000,1000,1000,1000,1000,1000,1000,1000
IMU,23:13:34.776,-49,-6,513,0,0,0
MAG,23:13:34.776,-1450,-3000,1690
ATTITUDE,23:13:34.776,-6,54,225,STABILIZE
RADIO,23:13:34.776,1000,1500,1500,1500,1000,1000,1000,1000,1000,1000,1000,1000
IMU,23:13:34.799,-49,-6,513,0,0,0
MAG,23:13:34.799,-1450,-3000,1690
ATTITUDE,23:13:34.799,-6,54,225,STABILIZE
RADIO,23:13:34.799,1000,1500,1500,1500,1000,1000,1000,1000,1000,1000,1000,1000
IMU,23:13:34.823,-50,-5,513,0,0,0
MAG,23:13:34.823,-1450,-3000,1690
ATTITUDE,23:13:34.823,-6,54,225,STABILIZE
RADIO,23:13:34.823,1000,1500,1500,1500,1000,1000,1000,1000,1000,1000,1000,1000
IMU,23:13:34.854,-50,-5,513,0,0,0
MAG,23:13:34.855,-1545,-2955,1575
ATTITUDE,23:13:34.855,-6,55,222,STABILIZE
RADIO,23:13:34.855,1000,1500,1500,1500,1000,1000,1000,1000,1000,1000,1000,1000
IMU,23:13:34.882,-50,-5,513,0,0,0
MAG,23:13:34.882,-1545,-2955,1575
ATTITUDE,23:13:34.882,-5,55,223,STABILIZE
RADIO,23:13:34.882,1000,1500,1500,1500,1000,1000,1000,1000,1000,1000,1000,1000
IMU,23:13:34.909,-50,-6,513,0,0,0
MAG,23:13:34.909,-1545,-2955,1575
ATTITUDE,23:13:34.909,-5,55,223,STABILIZE
RADIO,23:13:34.909,1000,1500,1500,1500,1000,1000,1000,1000,1000,1000,1000,1000
IMU,23:13:34.934,-50,-6,513,0,0,0
MAG,23:13:34.934,-1475,-2880,1615
ATTITUDE,23:13:34.934,-6,55,223,STABILIZE
RADIO,23:13:34.934,1000,1500,1500,1500,1000,1000,1000,1000,1000,1000,1000,1000
IMU,23:13:34.963,-50,-6,513,0,0,0
MAG,23:13:34.963,-1475,-2880,1615
ATTITUDE,23:13:34.963,-6,55,223,STABILIZE
RADIO,23:13:34.963,1000,1500,1500,1500,1000,1000,1000,1000,1000,1000,1000,1000
IMU,23:13:34.992,-50,-6,513,0,0,0
MAG,23:13:34.992,-1475,-2880,1615
ATTITUDE,23:13:34.992,-6,55,223,STABILIZE
RADIO,23:13:34.992,1000,1500,1500,1500,1000,1000,1000,1000,1000,1000,1000,1000
IMU,23:13:35.020,-50,-6,513,0,0,0
MAG,23:13:35.020,-1475,-2880,1615
ATTITUDE,23:13:35.020,-6,55,223,STABILIZE
RADIO,23:13:35.020,1000,1500,1500,1500,1000,1000,1000,1000,1000,1000,1000,1000
IMU,23:13:35.050,-50,-6,513,0,0,0
MAG,23:13:35.050,-1475,-2880,1615
ATTITUDE,23:13:35.050,-6,55,223,STABILIZE
RADIO,23:13:35.050,1000,1500,1500,1500,1000,1000,1000,1000,1000,1000,1000,1000
IMU,23:13:35.093,-50,-6,512,0,0,0
MAG,23:13:35.093,-1605,-3030,1640
ATTITUDE,23:13:35.093,-6,55,222,STABILIZE
RADIO,23:13:35.093,1000,1500,1500,1500,1000,1000,1000,1000,1000,1000,1000,1000
IMU,23:13:35.117,-50,-6,512,0,0,0
MAG,23:13:35.117,-1605,-3030,1640
ATTITUDE,23:13:35.117,-6,55,222,STABILIZE
RADIO,23:13:35.117,1000,1500,1500,1500,1000,1000,1000,1000,1000,1000,1000,1000
IMU,23:13:35.148,-50,-5,512,0,0,0
MAG,23:13:35.148,-1605,-3030,1640
ATTITUDE,23:13:35.148,-6,55,222,STABILIZE
RADIO,23:13:35.148,1000,1500,1500,1500,1000,1000,1000,1000,1000,1000,1000,1000
IMU,23:13:35.174,-50,-5,512,0,0,0
MAG,23:13:35.174,-1590,-2980,1645
ATTITUDE,23:13:35.174,-5,55,222,STABILIZE
RADIO,23:13:35.174,1000,1500,1500,1500,1000,1000,1000,1000,1000,1000,1000,1000
IMU,23:13:35.199,-49,-6,513,0,0,0
MAG,23:13:35.199,-1590,-2980,1645
ATTITUDE,23:13:35.199,-5,55,222,STABILIZE
RADIO,23:13:35.199,1000,1500,1500,1500,1000,1000,1000,1000,1000,1000,1000,1000
IMU,23:13:35.226,-49,-6,513,0,0,0
MAG,23:13:35.226,-1590,-2980,1645
ATTITUDE,23:13:35.226,-6,55,222,STABILIZE
RADIO,23:13:35.226,1000,1500,1500,1500,1000,1000,1000,1000,1000,1000,1000,1000
IMU,23:13:35.249,-49,-6,513,0,0,0
MAG,23:13:35.249,-1590,-2980,1645
ATTITUDE,23:13:35.250,-6,55,222,STABILIZE
RADIO,23:13:35.250,1000,1500,1500,1500,1000,1000,1000,1000,1000,1000,1000,1000
IMU,23:13:35.279,-49,-6,513,0,0,0
MAG,23:13:35.279,-1525,-2995,1650
ATTITUDE,23:13:35.279,-6,54,224,STABILIZE
RADIO,23:13:35.279,1000,1500,1500,1500,1000,1000,1000,1000,1000,1000,1000,1000
IMU,23:13:35.303,-49,-5,513,0,0,0
MAG,23:13:35.303,-1525,-2995,1650
ATTITUDE,23:13:35.303,-6,54,223,STABILIZE
RADIO,23:13:35.303,1000,1500,1500,1500,1000,1000,1000,1000,1000,1000,1000,1000
IMU,23:13:35.329,-49,-5,513,0,0,0
MAG,23:13:35.329,-1525,-2995,1650
ATTITUDE,23:13:35.329,-6,54,223,STABILIZE
RADIO,23:13:35.329,1000,1500,1500,1500,1000,1000,1000,1000,1000,1000,1000,1000
IMU,23:13:35.355,-50,-5,513,0,0,0
MAG,23:13:35.355,-1535,-3025,1605
ATTITUDE,23:13:35.355,-5,55,223,STABILIZE
RADIO,23:13:35.355,1000,1500,1500,1500,1000,1000,1000,1000,1000,1000,1000,1000
IMU,23:13:35.377,-50,-5,513,0,0,0
MAG,23:13:35.377,-1535,-3025,1605
ATTITUDE,23:13:35.377,-5,55,223,STABILIZE
RADIO,23:13:35.377,1000,1500,1500,1500,1000,1000,1000,1000,1000,1000,1000,1000
IMU,23:13:35.400,-50,-5,513,0,0,0
MAG,23:13:35.400,-1535,-3025,1605
ATTITUDE,23:13:35.400,-5,55,223,STABILIZE
RADIO,23:13:35.400,1000,1500,1500,1500,1000,1000,1000,1000,1000,1000,1000,1000
IMU,23:13:35.426,-50,-5,512,0,0,0
MAG,23:13:35.426,-1535,-3025,1605
ATTITUDE,23:13:35.426,-5,55,223,STABILIZE
RADIO,23:13:35.426,1000,1500,1500,1500,1000,1000,1000,1000,1000,1000,1000,1000
IMU,23:13:35.452,-50,-5,512,0,0,0
MAG,23:13:35.452,-1535,-3025,1605
ATTITUDE,23:13:35.452,-5,55,223,STABILIZE
RADIO,23:13:35.452,1000,1500,1500,1500,1000,1000,1000,1000,1000,1000,1000,1000
IMU,23:13:35.481,-50,-6,513,0,0,0
MAG,23:13:35.481,-1535,-3025,1605
ATTITUDE,23:13:35.481,-5,55,223,STABILIZE
RADIO,23:13:35.481,1000,1500,1500,1500,1000,1000,1000,1000,1000,1000,1000,1000
IMU,23:13:35.509,-50,-6,513,0,0,0
MAG,23:13:35.509,-1450,-3030,1600
ATTITUDE,23:13:35.509,-6,55,225,STABILIZE
RADIO,23:13:35.509,1000,1500,1500,1500,1000,1000,1000,1000,1000,1000,1000,1000
IMU,23:13:35.531,-49,-6,512,0,0,0
MAG,23:13:35.531,-1450,-3030,1600
ATTITUDE,23:13:35.531,-6,55,225,STABILIZE
RADIO,23:13:35.531,1000,1500,1500,1500,1000,1000,1000,1000,1000,1000,1000,1000
IMU,23:13:35.553,-49,-6,512,0,0,0
MAG,23:13:35.553,-1450,-3030,1600
ATTITUDE,23:13:35.553,-6,55,225,STABILIZE
RADIO,23:13:35.553,1000,1500,1500,1500,1000,1000,1000,1000,1000,1000,1000,1000
IMU,23:13:35.577,-49,-6,512,0,0,0
MAG,23:13:35.577,-1450,-3030,1600
ATTITUDE,23:13:35.577,-6,55,225,STABILIZE
RADIO,23:13:35.577,1000,1500,1500,1500,1000,1000,1000,1000,1000,1000,1000,1000
IMU,23:13:35.605,-49,-6,512,0,0,0
MAG,23:13:35.605,-1515,-3040,1720
ATTITUDE,23:13:35.605,-6,54,224,STABILIZE
RADIO,23:13:35.605,1000,1500,1500,1500,1000,1000,1000,1000,1000,1000,1000,1000
IMU,23:13:35.629,-49,-6,513,0,0,0
MAG,23:13:35.629,-1515,-3040,1720
ATTITUDE,23:13:35.629,-6,54,224,STABILIZE
RADIO,23:13:35.629,1000,1500,1500,1500,1000,1000,1000,1000,1000,1000,1000,1000
IMU,23:13:35.655,-49,-6,513,0,0,0
MAG,23:13:35.655,-1515,-3040,1720
ATTITUDE,23:13:35.655,-6,54,224,STABILIZE
RADIO,23:13:35.655,1000,1500,1500,1500,1000,1000,1000,1000,1000,1000,1000,1000
IMU,23:13:35.680,-49,-6,513,0,0,0
MAG,23:13:35.680,-1460,-2950,1645
ATTITUDE,23:13:35.680,-6,54,224,STABILIZE
RADIO,23:13:35.680,1000,1500,1500,1500,1000,1000,1000,1000,1000,1000,1000,1000
IMU,23:13:35.711,-50,-6,513,0,0,0
MAG,23:13:35.711,-1460,-2950,1645
ATTITUDE,23:13:35.711,-6,54,224,STABILIZE
RADIO,23:13:35.711,1000,1500,1500,1500,1000,1000,1000,1000,1000,1000,1000,1000
IMU,23:13:35.741,-50,-6,513,0,0,0
MAG,23:13:35.741,-1460,-2950,1645
ATTITUDE,23:13:35.741,-6,55,224,STABILIZE
RADIO,23:13:35.741,1000,1500,1500,1500,1000,1000,1000,1000,1000,1000,1000,1000
IMU,23:13:35.769,-49,-6,521,-17,-31,-24
MAG,23:13:35.769,-1460,-2950,1645
ATTITUDE,23:13:35.769,-6,55,224,STABILIZE
RADIO,23:13:35.769,1000,1500,1500,1500,1000,1000,1000,1000,1000,1000,1000,1000
IMU,23:13:35.794,-49,-6,521,-17,-31,-24
MAG,23:13:35.794,-1470,-2965,1675
ATTITUDE,23:13:35.794,-6,54,224,STABILIZE
RADIO,23:13:35.794,1000,1500,1500,1500,1000,1000,1000,1000,1000,1000,1000,1000
IMU,23:13:35.818,-58,-5,506,-8,20,-4
MAG,23:13:35.818,-1470,-2965,1675
ATTITUDE,23:13:35.818,-6,54,224,STABILIZE
RADIO,23:13:35.818,1000,1500,1500,1500,1000,1000,1000,1000,1000,1000,1000,1000
IMU,23:13:35.843,-58,-5,506,-8,20,-4
MAG,23:13:35.843,-1470,-2965,1675
ATTITUDE,23:13:35.843,-4,61,224,STABILIZE
RADIO,23:13:35.843,1000,1500,1500,1500,1000,1000,1000,1000,1000,1000,1000,1000
IMU,23:13:35.873,-61,2,502,4,6,2
MAG,23:13:35.873,-1470,-2965,1675
ATTITUDE,23:13:35.873,0,64,225,STABILIZE
RADIO,23:13:35.873,1000,1500,1500,1500,1000,1000,1000,1000,1000,1000,1000,1000
IMU,23:13:35.902,-52,3,519,0,2,0
MAG,23:13:35.902,-1470,-2965,1675
ATTITUDE,23:13:35.902,0,64,225,STABILIZE
RADIO,23:13:35.902,1000,1500,1500,1500,1000,1000,1000,1000,1000,1000,1000,1000
IMU,23:13:35.932,-52,3,519,0,2,0
MAG,23:13:35.932,-1435,-2910,1635
ATTITUDE,23:13:35.932,2,61,225,STABILIZE
RADIO,23:13:35.932,1000,1500,1500,1500,1000,1000,1000,1000,1000,1000,1000,1000
IMU,23:13:35.956,-52,-1,512,-4,0,0
MAG,23:13:35.956,-1435,-2910,1635
ATTITUDE,23:13:35.956,2,61,225,STABILIZE
RADIO,23:13:35.956,1000,1500,1500,1500,1000,1000,1000,1000,1000,1000,1000,1000
IMU,23:13:35.987,-52,-1,512,-4,0,0
MAG,23:13:35.987,-1435,-2910,1635
ATTITUDE,23:13:35.987,-1,59,225,STABILIZE
RADIO,23:13:35.987,1000,1500,1500,1500,1000,1000,1000,1000,1000,1000,1000,1000
IMU,23:13:36.014,-60,6,512,7,6,16
MAG,23:13:36.014,-1365,-2990,1620
ATTITUDE,23:13:36.015,2,61,226,STABILIZE
RADIO,23:13:36.015,1000,1500,1500,1500,1000,1000,1000,1000,1000,1000,1000,1000
IMU,23:13:36.043,-68,-4,539,-70,15,-3
MAG,23:13:36.043,-1365,-2990,1620
ATTITUDE,23:13:36.043,2,61,226,STABILIZE
RADIO,23:13:36.043,1000,1500,1500,1500,1000,1000,1000,1000,1000,1000,1000,1000
IMU,23:13:36.068,-68,-4,539,-70,15,-3
MAG,23:13:36.068,-1365,-2990,1620
ATTITUDE,23:13:36.068,-1,68,227,STABILIZE
RADIO,23:13:36.068,1000,1500,1500,1500,1000,1000,1000,1000,1000,1000,1000,1000
IMU,23:13:36.090,-40,1,613,-268,36,-68
MAG,23:13:36.090,-1365,-2990,1620
ATTITUDE,23:13:36.090,-1,68,227,STABILIZE
RADIO,23:13:36.090,1000,1500,1500,1500,1000,1000,1000,1000,1000,1000,1000,1000
IMU,23:13:36.122,-40,1,613,-268,36,-68
MAG,23:13:36.122,-1510,-3055,1595
ATTITUDE,23:13:36.122,-9,68,224,STABILIZE
RADIO,23:13:36.122,1000,1500,1500,1500,1000,1000,1000,1000,1000,1000,1000,1000
IMU,23:13:36.146,26,130,529,-173,50,-31
MAG,23:13:36.146,-1510,-3055,1595
ATTITUDE,23:13:36.146,49,25,224,STABILIZE
RADIO,23:13:36.146,1000,1500,1500,1500,1000,1000,1000,1000,1000,1000,1000,1000
IMU,23:13:36.173,26,130,529,-173,50,-31
MAG,23:13:36.174,-1510,-3055,1595
ATTITUDE,23:13:36.174,49,25,224,STABILIZE
RADIO,23:13:36.174,1000,1500,1500,1500,1000,1000,1000,1000,1000,1000,1000,1000
IMU,23:13:36.199,27,234,423,-161,92,-24
MAG,23:13:36.199,-1505,-2940,1525
ATTITUDE,23:13:36.199,198,-16,224,STABILIZE
RADIO,23:13:36.199,1000,1500,1500,1500,1000,1000,1000,1000,1000,1000,1000,1000
IMU,23:13:36.231,-1,255,451,-174,84,-22
MAG,23:13:36.231,-1505,-2940,1525
ATTITUDE,23:13:36.231,198,-16,224,STABILIZE
RADIO,23:13:36.231,1000,1500,1500,1500,1000,1000,1000,1000,1000,1000,1000,1000
IMU,23:13:36.257,-1,255,451,-174,84,-22
MAG,23:13:36.257,-1505,-2940,1525
ATTITUDE,23:13:36.257,269,-3,223,STABILIZE
RADIO,23:13:36.257,1000,1500,1500,1500,1000,1000,1000,1000,1000,1000,1000,1000
IMU,23:13:36.282,27,305,409,-143,73,-18
MAG,23:13:36.282,-1505,-2940,1525
ATTITUDE,23:13:36.282,269,-3,223,STABILIZE
RADIO,23:13:36.282,1000,1500,1500,1500,1000,1000,1000,1000,1000,1000,1000,1000
IMU,23:13:36.312,27,305,409,-143,73,-18
MAG,23:13:36.312,-1505,-2940,1525
ATTITUDE,23:13:36.312,324,-16,224,STABILIZE
RADIO,23:13:36.312,1000,1500,1500,1500,1000,1000,1000,1000,1000,1000,1000,1000
IMU,23:13:36.339,54,323,389,-87,60,-25
MAG,23:13:36.339,-1837,-2840,1665
ATTITUDE,23:13:36.339,373,-43,219,STABILIZE
RADIO,23:13:36.339,1000,1500,1500,1500,1000,1000,1000,1000,1000,1000,1000,1000
IMU,23:13:36.371,54,323,389,-87,60,-25
MAG,23:13:36.371,-1837,-2840,1665
ATTITUDE,23:13:36.371,373,-43,219,STABILIZE
RADIO,23:13:36.371,1000,1500,1500,1500,1000,1000,1000,1000,1000,1000,1000,1000
IMU,23:13:36.396,71,320,355,-96,61,-59
MAG,23:13:36.396,-1837,-2840,1665
ATTITUDE,23:13:36.396,401,-68,219,STABILIZE
RADIO,23:13:36.396,1000,1500,1500,1500,1000,1000,1000,1000,1000,1000,1000,1000
IMU,23:13:36.421,103,351,310,20,37,-61
MAG,23:13:36.421,-1837,-2840,1665
ATTITUDE,23:13:36.421,401,-68,219,STABILIZE
RADIO,23:13:36.421,1000,1500,1500,1500,1000,1000,1000,1000,1000,1000,1000,1000
IMU,23:13:36.445,103,351,310,20,37,-61
MAG,23:13:36.445,-1970,-2870,1695
ATTITUDE,23:13:36.445,449,-100,219,STABILIZE
RADIO,23:13:36.445,1000,1500,1500,1500,1000,1000,1000,1000,1000,1000,1000,1000
IMU,23:13:36.472,157,375,306,241,7,-40
MAG,23:13:36.472,-1970,-2870,1695
ATTITUDE,23:13:36.472,449,-100,219,STABILIZE
RADIO,23:13:36.472,1000,1500,1500,1500,1000,1000,1000,1000,1000,1000,1000,1000
IMU,23:13:36.498,157,375,306,241,7,-40
MAG,23:13:36.498,-1970,-2870,1695
ATTITUDE,23:13:36.498,497,-146,220,STABILIZE
RADIO,23:13:36.498,1000,1500,1500,1500,1000,1000,1000,1000,1000,1000,1000,1000
IMU,23:13:36.523,199,334,348,339,-47,-30
MAG,23:13:36.523,-1970,-2870,1695
ATTITUDE,23:13:36.523,497,-146,220,STABILIZE
RADIO,23:13:36.523,1000,1500,1500,1500,1000,1000,1000,1000,1000,1000,1000,1000
IMU,23:13:36.653,150,133,439,156,-92,5
MAG,23:13:36.653,-1927,-2980,1590
ATTITUDE,23:13:36.653,355,-214,222,STABILIZE
RADIO,23:13:36.653,1000,1500,1500,1500,1000,1000,1000,1000,1000,1000,1000,1000
IMU,23:13:36.676,150,133,439,156,-92,5
MAG,23:13:36.676,-1945,-3060,1505
ATTITUDE,23:13:36.676,179,-177,217,STABILIZE
RADIO,23:13:36.676,1000,1500,1500,1500,1000,1000,1000,1000,1000,1000,1000,1000
IMU,23:13:36.701,87,46,472,133,-2,35
MAG,23:13:36.701,-1945,-3060,1505
ATTITUDE,23:13:36.701,179,-177,217,STABILIZE
RADIO,23:13:36.701,1000,1500,1500,1500,1000,1000,1000,1000,1000,1000,1000,1000
IMU,23:13:36.723,87,46,472,133,-2,35
MAG,23:13:36.723,-1742,-2905,1465
ATTITUDE,23:13:36.723,87,-122,215,STABILIZE
RADIO,23:13:36.723,1000,1500,1500,1500,1000,1000,1000,1000,1000,1000,1000,1000
IMU,23:13:36.751,87,46,472,133,-2,35
MAG,23:13:36.751,-1742,-2905,1465
ATTITUDE,23:13:36.751,87,-122,215,STABILIZE
RADIO,23:13:36.751,1000,1500,1500,1500,1000,1000,1000,1000,1000,1000,1000,1000
IMU,23:13:36.774,64,-14,591,-16,-65,26
MAG,23:13:36.774,-1742,-2905,1465
ATTITUDE,23:13:36.774,50,-100,215,STABILIZE
RADIO,23:13:36.774,1000,1500,1500,1500,1000,1000,1000,1000,1000,1000,1000,1000
IMU,23:13:36.801,61,-35,612,-43,-181,48
MAG,23:13:36.801,-1742,-2905,1465
ATTITUDE,23:13:36.801,50,-100,215,STABILIZE
RADIO,23:13:36.801,1000,1500,1500,1500,1000,1000,1000,1000,1000,1000,1000,1000
IMU,23:13:36.827,61,-35,612,-43,-181,48
MAG,23:13:36.827,-1742,-2905,1465
ATTITUDE,23:13:36.827,48,-104,215,STABILIZE
RADIO,23:13:36.827,1000,1500,1500,1500,1000,1000,1000,1000,1000,1000,1000,1000
IMU,23:13:36.856,43,-26,567,-107,-157,15
MAG,23:13:36.856,-1742,-2905,1465
ATTITUDE,23:13:36.856,48,-104,215,STABILIZE
RADIO,23:13:36.856,1000,1500,1500,1500,1000,1000,1000,1000,1000,1000,1000,1000
IMU,23:13:36.882,43,-26,567,-107,-157,15
MAG,23:13:36.882,-1727,-2975,1485
ATTITUDE,23:13:36.882,27,-92,216,STABILIZE
RADIO,23:13:36.882,1000,1500,1500,1500,1000,1000,1000,1000,1000,1000,1000,1000
IMU,23:13:36.904,-17,-24,490,-124,-118,-10
MAG,23:13:36.904,-1727,-2975,1485
ATTITUDE,23:13:36.904,-17,-25,216,STABILIZE
RADIO,23:13:36.904,1000,1500,1500,1500,1000,1000,1000,1000,1000,1000,1000,1000
IMU,23:13:36.932,-17,-24,490,-124,-118,-10
MAG,23:13:36.932,-1727,-2975,1485
ATTITUDE,23:13:36.932,-17,-25,216,STABILIZE
RADIO,23:13:36.932,1000,1500,1500,1500,1000,1000,1000,1000,1000,1000,1000,1000
IMU,23:13:36.954,-81,33,481,-125,-155,15
MAG,23:13:36.954,-1907,-3080,1405
ATTITUDE,23:13:36.954,4,49,217,STABILIZE
RADIO,23:13:36.954,1000,1500,1500,1500,1000,1000,1000,1000,1000,1000,1000,1000
IMU,23:13:36.982,-139,105,468,-61,-92,-14
MAG,23:13:36.982,-1907,-3080,1405
ATTITUDE,23:13:36.982,4,49,217,STABILIZE
RADIO,23:13:36.982,1000,1500,1500,1500,1000,1000,1000,1000,1000,1000,1000,1000
IMU,23:13:37.007,-139,105,468,-61,-92,-14
MAG,23:13:37.007,-1907,-3080,1405
ATTITUDE,23:13:37.007,75,112,220,STABILIZE
RADIO,23:13:37.007,1000,1500,1500,1500,1000,1000,1000,1000,1000,1000,1000,1000
IMU,23:13:37.032,-197,121,446,-40,-76,4
MAG,23:13:37.032,-1907,-3080,1405
ATTITUDE,23:13:37.032,75,112,220,STABILIZE
RADIO,23:13:37.032,1000,1500,1500,1500,1000,1000,1000,1000,1000,1000,1000,1000
IMU,23:13:37.057,-197,121,446,-40,-76,4
MAG,23:13:37.057,-1995,-2995,1230
ATTITUDE,23:13:37.057,126,188,219,STABILIZE
RADIO,23:13:37.057,1000,1500,1500,1500,1000,1000,1000,1000,1000,1000,1000,1000
IMU,23:13:37.082,-226,162,433,-19,-42,-6
MAG,23:13:37.082,-1995,-2995,1230
ATTITUDE,23:13:37.082,126,188,219,STABILIZE
RADIO,23:13:37.082,1000,1500,1500,1500,1000,1000,1000,1000,1000,1000,1000,1000
IMU,23:13:37.108,-226,162,433,-19,-42,-6
MAG,23:13:37.108,-1995,-2995,1230
ATTITUDE,23:13:37.108,174,237,220,STABILIZE
RADIO,23:13:37.108,1000,1500,1500,1500,1000,1000,1000,1000,1000,1000,1000,1000
IMU,23:13:37.135,-247,173,412,-32,-45,-19
MAG,23:13:37.135,-1995,-2995,1230
ATTITUDE,23:13:37.135,174,237,220,STABILIZE
RADIO,23:13:37.135,1000,1500,1500,1500,1000,1000,1000,1000,1000,1000,1000,1000
IMU,23:13:37.160,-247,173,412,-32,-45,-19
MAG,23:13:37.160,-2155,-2990,1065
ATTITUDE,23:13:37.160,206,268,219,STABILIZE
RADIO,23:13:37.160,1000,1500,1500,1500,1000,1000,1000,1000,1000,1000,1000,1000
IMU,23:13:37.183,-255,181,378,-5,-7,13
MAG,23:13:37.183,-2155,-2990,1065
ATTITUDE,23:13:37.183,206,268,219,STABILIZE
RADIO,23:13:37.183,1000,1500,1500,1500,1000,1000,1000,1000,1000,1000,1000,1000
IMU,23:13:37.211,-255,181,378,-5,-7,13
MAG,23:13:37.211,-2155,-2990,1065
ATTITUDE,23:13:37.211,235,299,216,STABILIZE
RADIO,23:13:37.211,1000,1500,1500,1500,1000,1000,1000,1000,1000,1000,1000,1000
IMU,23:13:37.235,-259,173,373,2,-6,-4
MAG,23:13:37.235,-2155,-2990,1065
ATTITUDE,23:13:37.235,251,312,216,STABILIZE
RADIO,23:13:37.235,1000,1500,1500,1500,1000,1000,1000,1000,1000,1000,1000,1000
IMU,23:13:37.262,-259,173,373,2,-6,-4
MAG,23:13:37.262,-2155,-2990,1065
ATTITUDE,23:13:37.262,251,312,216,STABILIZE
RADIO,23:13:37.262,1000,1500,1500,1500,1000,1000,1000,1000,1000,1000,1000,1000
IMU,23:13:37.290,-257,154,368,14,21,-8
MAG,23:13:37.290,-2482,-2900,855
ATTITUDE,23:13:37.290,234,323,211,STABILIZE
RADIO,23:13:37.290,1000,1500,1500,1500,1000,1000,1000,1000,1000,1000,1000,1000
IMU,23:13:37.316,-232,163,316,65,114,-16
MAG,23:13:37.316,-2482,-2900,855
ATTITUDE,23:13:37.316,234,323,211,STABILIZE
RADIO,23:13:37.316,1000,1500,1500,1500,1000,1000,1000,1000,1000,1000,1000,1000
IMU,23:13:37.345,-232,163,316,65,114,-16
MAG,23:13:37.345,-2482,-2900,855
ATTITUDE,23:13:37.345,240,330,210,STABILIZE
RADIO,23:13:37.345,1000,1500,1500,1500,1000,1000,1000,1000,1000,1000,1000,1000
IMU,23:13:37.368,-198,135,325,125,190,-31
MAG,23:13:37.368,-2482,-2900,855
ATTITUDE,23:13:37.368,240,330,210,STABILIZE
RADIO,23:13:37.368,1000,1500,1500,1500,1000,1000,1000,1000,1000,1000,1000,1000
IMU,23:13:37.396,-198,135,325,125,190,-31
MAG,23:13:37.396,-2362,-3025,810
ATTITUDE,23:13:37.396,244,334,212,STABILIZE
RADIO,23:13:37.396,1000,1500,1500,1500,1000,1000,1000,1000,1000,1000,1000,1000
IMU,23:13:37.422,-158,97,406,68,214,-40
MAG,23:13:37.422,-2362,-3025,810
ATTITUDE,23:13:37.422,216,307,213,STABILIZE
RADIO,23:13:37.422,1000,1500,1500,1500,1000,1000,1000,1000,1000,1000,1000,1000
IMU,23:13:37.450,-93,117,479,-82,208,-46
MAG,23:13:37.450,-2362,-3025,810
ATTITUDE,23:13:37.450,216,307,213,STABILIZE
RADIO,23:13:37.450,1000,1500,1500,1500,1000,1000,1000,1000,1000,1000,1000,1000
IMU,23:13:37.477,-93,117,479,-82,208,-46
MAG,23:13:37.477,-1912,-3050,1050
ATTITUDE,23:13:37.477,146,181,221,STABILIZE
RADIO,23:13:37.477,1000,1500,1500,1500,1000,1000,1000,1000,1000,1000,1000,1000
IMU,23:13:37.505,-9,148,545,-70,135,-7
MAG,23:13:37.505,-1912,-3050,1050
ATTITUDE,23:13:37.505,146,181,221,STABILIZE
RADIO,23:13:37.505,1000,1500,1500,1500,1000,1000,1000,1000,1000,1000,1000,1000
IMU,23:13:37.539,-9,148,545,-70,135,-7
MAG,23:13:37.539,-1912,-3050,1050
ATTITUDE,23:13:37.539,146,76,218,STABILIZE
RADIO,23:13:37.539,1000,1500,1500,1500,1000,1000,1000,1000,1000,1000,1000,1000
IMU,23:13:37.564,65,167,540,-258,73,-20
MAG,23:13:37.564,-1912,-3050,1050
ATTITUDE,23:13:37.564,146,76,218,STABILIZE
RADIO,23:13:37.564,1000,1500,1500,1500,1000,1000,1000,1000,1000,1000,1000,1000
IMU,23:13:37.591,65,167,540,-258,73,-20
MAG,23:13:37.591,-1692,-3190,1235
ATTITUDE,23:13:37.591,152,35,223,STABILIZE
RADIO,23:13:37.591,1000,1500,1500,1500,1000,1000,1000,1000,1000,1000,1000,1000
IMU,23:13:37.613,96,211,457,-176,83,-49
MAG,23:13:37.613,-1692,-3190,1235
ATTITUDE,23:13:37.613,201,-63,222,STABILIZE
RADIO,23:13:37.613,1000,1500,1500,1500,1000,1000,1000,1000,1000,1000,1000,1000
IMU,23:13:37.641,96,211,457,-176,83,-49
MAG,23:13:37.641,-1692,-3190,1235
ATTITUDE,23:13:37.641,201,-63,222,STABILIZE
RADIO,23:13:37.641,1000,1500,1500,1500,1000,1000,1000,1000,1000,1000,1000,1000
IMU,23:13:37.666,121,286,416,-228,29,-23
MAG,23:13:37.666,-1480,-3045,1190
ATTITUDE,23:13:37.666,285,-111,223,STABILIZE
RADIO,23:13:37.666,1000,1500,1500,1500,1000,1000,1000,1000,1000,1000,1000,1000
IMU,23:13:37.693,121,286,416,-228,29,-23
MAG,23:13:37.693,-1480,-3045,1190
ATTITUDE,23:13:37.693,285,-111,223,STABILIZE
RADIO,23:13:37.693,1000,1500,1500,1500,1000,1000,1000,1000,1000,1000,1000,1000
IMU,23:13:37.724,142,362,352,-110,22,-29
MAG,23:13:37.724,-1480,-3045,1190
ATTITUDE,23:13:37.724,390,-142,227,STABILIZE
RADIO,23:13:37.724,1000,1500,1500,1500,1000,1000,1000,1000,1000,1000,1000,1000
IMU,23:13:37.748,147,397,334,7,-14,-13
MAG,23:13:37.748,-1480,-3045,1190
ATTITUDE,23:13:37.748,390,-142,227,STABILIZE
RADIO,23:13:37.748,1000,1500,1500,1500,1000,1000,1000,1000,1000,1000,1000,1000
IMU,23:13:37.778,147,397,334,7,-14,-13
MAG,23:13:37.778,-1480,-3045,1190
ATTITUDE,23:13:37.778,465,-155,228,STABILIZE
RADIO,23:13:37.778,1000,1500,1500,1500,1000,1000,1000,1000,1000,1000,1000,1000
IMU,23:13:37.805,158,417,317,163,-19,8
MAG,23:13:37.805,-1400,-2960,1295
ATTITUDE,23:13:37.805,507,-160,230,STABILIZE
RADIO,23:13:37.805,1000,1500,1500,1500,1000,1000,1000,1000,1000,1000,1000,1000
IMU,23:13:37.833,158,417,317,163,-19,8
MAG,23:13:37.833,-1400,-2960,1295
ATTITUDE,23:13:37.833,507,-160,230,STABILIZE
RADIO,23:13:37.833,1000,1500,1500,1500,1000,1000,1000,1000,1000,1000,1000,1000
IMU,23:13:37.864,161,377,301,280,-23,24
MAG,23:13:37.864,-1400,-2960,1295
ATTITUDE,23:13:37.864,525,-177,231,STABILIZE
RADIO,23:13:37.864,1000,1500,1500,1500,1000,1000,1000,1000,1000,1000,1000,1000
IMU,23:13:37.892,145,277,371,244,-29,-6
MAG,23:13:37.892,-1400,-2960,1295
ATTITUDE,23:13:37.892,525,-177,231,STABILIZE
RADIO,23:13:37.892,1000,1500,1500,1500,1000,1000,1000,1000,1000,1000,1000,1000
IMU,23:13:37.925,145,277,371,244,-29,-6
MAG,23:13:37.925,-1450,-3080,1190
ATTITUDE,23:13:37.925,444,-179,230,STABILIZE
RADIO,23:13:37.925,1000,1500,1500,1500,1000,1000,1000,1000,1000,1000,1000,1000
IMU,23:13:37.952,127,202,443,243,-34,2
MAG,23:13:37.952,-1450,-3080,1190
ATTITUDE,23:13:37.952,320,-162,227,STABILIZE
RADIO,23:13:37.952,1000,1500,1500,1500,1000,1000,1000,1000,1000,1000,1000,1000
IMU,23:13:37.977,119,147,457,101,12,5
MAG,23:13:37.977,-1450,-3080,1190
ATTITUDE,23:13:37.977,320,-162,227,STABILIZE
RADIO,23:13:37.977,1000,1500,1500,1500,1000,1000,1000,1000,1000,1000,1000,1000
IMU,23:13:38.002,119,147,457,101,12,5
MAG,23:13:38.002,-1525,-3060,1160
ATTITUDE,23:13:38.002,229,-146,224,STABILIZE
RADIO,23:13:38.002,1000,1500,1500,1500,1000,1000,1000,1000,1000,1000,1000,1000
IMU,23:13:38.030,120,62,481,253,3,0
MAG,23:13:38.030,-1525,-3060,1160
ATTITUDE,23:13:38.030,229,-146,224,STABILIZE
RADIO,23:13:38.030,1000,1500,1500,1500,1000,1000,1000,1000,1000,1000,1000,1000
IMU,23:13:38.053,120,62,481,253,3,0
MAG,23:13:38.053,-1525,-3060,1160
ATTITUDE,23:13:38.053,135,-142,222,STABILIZE
RADIO,23:13:38.053,1000,1500,1500,1500,1000,1000,1000,1000,1000,1000,1000,1000
IMU,23:13:38.082,129,-10,531,176,-10,-1
MAG,23:13:38.082,-1525,-3060,1160
ATTITUDE,23:13:38.082,135,-142,222,STABILIZE
RADIO,23:13:38.082,1000,1500,1500,1500,1000,1000,1000,1000,1000,1000,1000,1000
IMU,23:13:38.109,129,-10,531,176,-10,-1
MAG,23:13:38.109,-1425,-3115,1220
ATTITUDE,23:13:38.109,44,-138,220,STABILIZE
RADIO,23:13:38.109,1000,1500,1500,1500,1000,1000,1000,1000,1000,1000,1000,1000
IMU,23:13:38.136,132,-62,535,201,-14,20
MAG,23:13:38.136,-1425,-3115,1220
ATTITUDE,23:13:38.136,-22,-137,219,STABILIZE
RADIO,23:13:38.136,1000,1500,1500,1500,1000,1000,1000,1000,1000,1000,1000,1000
IMU,23:13:38.167,130,-139,499,147,-41,9
MAG,23:13:38.167,-1425,-3115,1220
ATTITUDE,23:13:38.167,-22,-137,219,STABILIZE
RADIO,23:13:38.167,1000,1500,1500,1500,1000,1000,1000,1000,1000,1000,1000,1000
IMU,23:13:38.192,130,-139,499,147,-41,9
MAG,23:13:38.192,-1425,-3115,1220
ATTITUDE,23:13:38.192,-101,-140,216,STABILIZE
RADIO,23:13:38.192,1000,1500,1500,1500,1000,1000,1000,1000,1000,1000,1000,1000
IMU,23:13:38.216,122,-218,435,155,-39,12
MAG,23:13:38.216,-1425,-3115,1220
ATTITUDE,23:13:38.216,-101,-140,216,STABILIZE
RADIO,23:13:38.216,1000,1500,1500,1500,1000,1000,1000,1000,1000,1000,1000,1000
IMU,23:13:38.243,122,-218,435,155,-39,12
MAG,23:13:38.243,-1460,-3005,1270
ATTITUDE,23:13:38.243,-199,-141,209,STABILIZE
RADIO,23:13:38.243,1000,1500,1500,1500,1000,1000,1000,1000,1000,1000,1000,1000
IMU,23:13:38.271,105,-274,376,98,-8,20
MAG,23:13:38.271,-1460,-3005,1270
ATTITUDE,23:13:38.271,-199,-141,209,STABILIZE
RADIO,23:13:38.271,1000,1500,1500,1500,1000,1000,1000,1000,1000,1000,1000,1000
IMU,23:13:38.299,105,-274,376,98,-8,20
MAG,23:13:38.299,-1460,-3005,1270
ATTITUDE,23:13:38.299,-301,-135,203,STABILIZE
RADIO,23:13:38.299,1000,1500,1500,1500,1000,1000,1000,1000,1000,1000,1000,1000
IMU,23:13:38.323,100,-334,376,85,3,12
MAG,23:13:38.323,-1460,-3005,1270
ATTITUDE,23:13:38.323,-301,-135,203,STABILIZE
RADIO,23:13:38.323,1000,1500,1500,1500,1000,1000,1000,1000,1000,1000,1000,1000
IMU,23:13:38.352,100,-334,376,85,3,12
MAG,23:13:38.352,-1672,-3065,1375
ATTITUDE,23:13:38.352,-376,-120,194,STABILIZE
RADIO,23:13:38.352,1000,1500,1500,1500,1000,1000,1000,1000,1000,1000,1000,1000
IMU,23:13:38.382,106,-353,371,69,2,12
MAG,23:13:38.382,-1672,-3065,1375
ATTITUDE,23:13:38.382,-417,-116,190,STABILIZE
RADIO,23:13:38.382,1000,1500,1500,1500,1000,1000,1000,1000,1000,1000,1000,1000
IMU,23:13:38.408,110,-363,344,26,4,5
MAG,23:13:38.408,-1672,-3065,1375
ATTITUDE,23:13:38.408,-417,-116,190,STABILIZE
RADIO,23:13:38.408,1000,1500,1500,1500,1000,1000,1000,1000,1000,1000,1000,1000
IMU,23:13:38.434,110,-363,344,26,4,5
MAG,23:13:38.434,-1747,-3140,1345
ATTITUDE,23:13:38.434,-446,-120,187,STABILIZE
RADIO,23:13:38.434,1000,1500,1500,1500,1000,1000,1000,1000,1000,1000,1000,1000
IMU,23:13:38.459,118,-375,338,-94,20,-2
MAG,23:13:38.459,-1747,-3140,1345
ATTITUDE,23:13:38.459,-446,-120,187,STABILIZE
RADIO,23:13:38.459,1000,1500,1500,1500,1000,1000,1000,1000,1000,1000,1000,1000
IMU,23:13:38.482,118,-375,338,-94,20,-2
MAG,23:13:38.482,-1747,-3140,1345
ATTITUDE,23:13:38.482,-471,-126,184,STABILIZE
RADIO,23:13:38.482,1000,1500,1500,1500,1000,1000,1000,1000,1000,1000,1000,1000
IMU,23:13:38.511,127,-364,367,-340,49,-1
MAG,23:13:38.511,-1747,-3140,1345
ATTITUDE,23:13:38.511,-471,-126,184,STABILIZE
RADIO,23:13:38.511,1000,1500,1500,1500,1000,1000,1000,1000,1000,1000,1000,1000
IMU,23:13:38.538,127,-364,367,-340,49,-1
MAG,23:13:38.538,-1585,-3060,1235
ATTITUDE,23:13:38.538,-465,-133,184,STABILIZE
RADIO,23:13:38.538,1000,1500,1500,1500,1000,1000,1000,1000,1000,1000,1000,1000
IMU,23:13:38.564,139,-289,381,-373,46,-33
MAG,23:13:38.564,-1585,-3060,1235
ATTITUDE,23:13:38.564,-422,-146,189,STABILIZE
RADIO,23:13:38.564,1000,1500,1500,1500,1000,1000,1000,1000,1000,1000,1000,1000
IMU,23:13:38.589,139,-289,381,-373,46,-33
MAG,23:13:38.589,-1585,-3060,1235
ATTITUDE,23:13:38.589,-422,-146,189,STABILIZE
RADIO,23:13:38.589,1000,1500,1500,1500,1000,1000,1000,1000,1000,1000,1000,1000
IMU,23:13:38.619,164,-117,440,-228,63,-14
MAG,23:13:38.619,-1585,-3060,1235
ATTITUDE,23:13:38.619,-275,-183,199,STABILIZE
RADIO,23:13:38.619,1000,1500,1500,1500,1000,1000,1000,1000,1000,1000,1000,1000
IMU,23:13:38.645,162,-20,531,-244,31,-24
MAG,23:13:38.645,-1585,-3060,1235
ATTITUDE,23:13:38.645,-275,-183,199,STABILIZE
RADIO,23:13:38.645,1000,1500,1500,1500,1000,1000,1000,1000,1000,1000,1000,1000
IMU,23:13:38.671,162,-20,531,-244,31,-24
MAG,23:13:38.671,-1385,-3210,1300
ATTITUDE,23:13:38.671,-107,-180,214,STABILIZE
RADIO,23:13:38.671,1000,1500,1500,1500,1000,1000,1000,1000,1000,1000,1000,1000
IMU,23:13:38.696,147,62,548,-170,3,4
MAG,23:13:38.696,-1385,-3210,1300
ATTITUDE,23:13:38.696,-107,-180,214,STABILIZE
RADIO,23:13:38.696,1000,1500,1500,1500,1000,1000,1000,1000,1000,1000,1000,1000
IMU,23:13:38.716,147,62,548,-170,3,4
MAG,23:13:38.716,-1385,-3210,1300
ATTITUDE,23:13:38.716,-4,-158,220,STABILIZE
RADIO,23:13:38.716,1000,1500,1500,1500,1000,1000,1000,1000,1000,1000,1000,1000
IMU,23:13:38.746,149,140,541,-58,-81,54
MAG,23:13:38.746,-1385,-3210,1300
ATTITUDE,23:13:38.746,-4,-158,220,STABILIZE
RADIO,23:13:38.746,1000,1500,1500,1500,1000,1000,1000,1000,1000,1000,1000,1000
IMU,23:13:38.772,149,140,541,-58,-81,54
MAG,23:13:38.772,-1112,-3000,1400
ATTITUDE,23:13:38.773,-7,-160,222,STABILIZE
RADIO,23:13:38.773,1000,1500,1500,1500,1000,1000,1000,1000,1000,1000,1000,1000
IMU,23:13:38.806,124,145,506,-75,-139,41
MAG,23:13:38.806,-1112,-3000,1400
ATTITUDE,23:13:38.806,93,-148,225,STABILIZE
RADIO,23:13:38.806,1000,1500,1500,1500,1000,1000,1000,1000,1000,1000,1000,1000
IMU,23:13:38.831,124,145,506,-75,-139,41
MAG,23:13:38.831,-1112,-3000,1400
ATTITUDE,23:13:38.831,93,-148,225,STABILIZE
RADIO,23:13:38.831,1000,1500,1500,1500,1000,1000,1000,1000,1000,1000,1000,1000
IMU,23:13:38.856,96,174,477,29,-135,35
MAG,23:13:38.856,-1305,-3050,1405
ATTITUDE,23:13:38.856,163,-127,225,STABILIZE
RADIO,23:13:38.856,1000,1500,1500,1500,1000,1000,1000,1000,1000,1000,1000,1000
IMU,23:13:38.889,39,198,484,-14,-128,43
MAG,23:13:38.889,-1305,-3050,1405
ATTITUDE,23:13:38.889,163,-127,225,STABILIZE
RADIO,23:13:38.889,1000,1500,1500,1500,1000,1000,1000,1000,1000,1000,1000,1000
IMU,23:13:38.915,39,198,484,-14,-128,43
MAG,23:13:38.915,-1305,-3050,1405
ATTITUDE,23:13:38.915,203,-79,226,STABILIZE
RADIO,23:13:38.915,1000,1500,1500,1500,1000,1000,1000,1000,1000,1000,1000,1000
IMU,23:13:38.945,-5,218,479,24,-101,46
MAG,23:13:38.945,-1440,-3015,1170
ATTITUDE,23:13:38.945,232,-28,224,STABILIZE
RADIO,23:13:38.945,1000,1500,1500,1500,1000,1000,1000,1000,1000,1000,1000,1000
IMU,23:13:38.968,-5,218,479,24,-101,46
MAG,23:13:38.968,-1440,-3015,1170
ATTITUDE,23:13:38.968,232,-28,224,STABILIZE
RADIO,23:13:38.968,1000,1500,1500,1500,1000,1000,1000,1000,1000,1000,1000,1000
IMU,23:13:38.997,-48,201,468,7,-98,35
MAG,23:13:38.997,-1440,-3015,1170
ATTITUDE,23:13:38.997,235,19,224,STABILIZE
RADIO,23:13:38.997,1000,1500,1500,1500,1000,1000,1000,1000,1000,1000,1000,1000
IMU,23:13:39.023,-95,203,455,11,-45,22
MAG,23:13:39.023,-1440,-3015,1170
ATTITUDE,23:13:39.023,235,19,224,STABILIZE
RADIO,23:13:39.023,1000,1500,1500,1500,1000,1000,1000,1000,1000,1000,1000,1000
IMU,23:13:39.049,-95,203,455,11,-45,22
MAG,23:13:39.049,-1917,-3055,1085
ATTITUDE,23:13:39.049,236,74,224,STABILIZE
RADIO,23:13:39.049,1000,1500,1500,1500,1000,1000,1000,1000,1000,1000,1000,1000
IMU,23:13:39.076,-113,194,422,42,11,31
MAG,23:13:39.076,-1917,-3055,1085
ATTITUDE,23:13:39.076,236,74,224,STABILIZE
RADIO,23:13:39.076,1000,1500,1500,1500,1000,1000,1000,1000,1000,1000,1000,1000
IMU,23:13:39.101,-113,194,422,42,11,31
MAG,23:13:39.101,-1917,-3055,1085
ATTITUDE,23:13:39.101,245,115,217,STABILIZE
RADIO,23:13:39.101,1000,1500,1500,1500,1000,1000,1000,1000,1000,1000,1000,1000
IMU,23:13:39.128,-126,171,446,74,-4,51
MAG,23:13:39.129,-1917,-3055,1085
ATTITUDE,23:13:39.129,245,115,217,STABILIZE
RADIO,23:13:39.129,1000,1500,1500,1500,1000,1000,1000,1000,1000,1000,1000,1000
IMU,23:13:39.150,-126,171,446,74,-4,51
MAG,23:13:39.150,-1917,-3055,1085
ATTITUDE,23:13:39.150,229,139,217,STABILIZE
RADIO,23:13:39.150,1000,1500,1500,1500,1000,1000,1000,1000,1000,1000,1000,1000
IMU,23:13:39.175,-128,146,456,76,5,48
MAG,23:13:39.175,-1917,-3055,1085
ATTITUDE,23:13:39.175,229,139,217,STABILIZE
RADIO,23:13:39.175,1000,1500,1500,1500,1000,1000,1000,1000,1000,1000,1000,1000
IMU,23:13:39.208,-128,146,456,76,5,48
MAG,23:13:39.208,-2262,-3085,965
ATTITUDE,23:13:39.208,199,145,213,STABILIZE
RADIO,23:13:39.208,1000,1500,1500,1500,1000,1000,1000,1000,1000,1000,1000,1000
IMU,23:13:39.237,-132,78,453,79,41,7
MAG,23:13:39.237,-2262,-3085,965
ATTITUDE,23:13:39.237,144,155,215,STABILIZE
RADIO,23:13:39.237,1000,1500,1500,1500,1000,1000,1000,1000,1000,1000,1000,1000
IMU,23:13:39.264,-123,27,458,75,46,-13
MAG,23:13:39.264,-2262,-3085,965
ATTITUDE,23:13:39.264,144,155,215,STABILIZE
RADIO,23:13:39.264,1000,1500,1500,1500,1000,1000,1000,1000,1000,1000,1000,1000
IMU,23:13:39.289,-123,27,458,75,46,-13
MAG,23:13:39.289,14107,8337,-32703
ATTITUDE,23:13:39.289,71,161,170,STABILIZE
RADIO,23:13:39.289,1000,1500,1500,1500,1000,1000,1000,1000,1000,1000,1000,1000
IMU,23:13:39.317,-89,43,424,91,57,-2
MAG,23:13:39.317,14107,8337,-32703
ATTITUDE,23:13:39.317,71,161,170,STABILIZE
RADIO,23:13:39.317,1000,1500,1500,1500,1000,1000,1000,1000,1000,1000,1000,1000
IMU,23:13:39.343,-89,43,424,91,57,-2
MAG,23:13:39.343,14107,8337,-32703
ATTITUDE,23:13:39.343,49,152,42,STABILIZE
RADIO,23:13:39.343,1000,1500,1500,1500,1000,1000,1000,1000,1000,1000,1000,1000
IMU,23:13:39.372,-62,-12,400,136,129,-13
MAG,23:13:39.372,-2670,-2900,635
ATTITUDE,23:13:39.372,53,154,59,STABILIZE
RADIO,23:13:39.372,1000,1500,1500,1500,1000,1000,1000,1000,1000,1000,1000,1000
IMU,23:13:39.395,-62,-12,400,136,129,-13
MAG,23:13:39.395,-2670,-2900,635
ATTITUDE,23:13:39.395,53,154,59,STABILIZE
RADIO,23:13:39.395,1000,1500,1500,1500,1000,1000,1000,1000,1000,1000,1000,1000
IMU,23:13:39.424,-31,-86,398,139,170,-9
MAG,23:13:39.424,-2670,-2900,635
ATTITUDE,23:13:39.424,55,160,208,STABILIZE
RADIO,23:13:39.424,1000,1500,1500,1500,1000,1000,1000,1000,1000,1000,1000,1000
IMU,23:13:39.454,8,-103,453,116,165,28
MAG,23:13:39.454,-2670,-2900,635
ATTITUDE,23:13:39.454,55,160,208,STABILIZE
RADIO,23:13:39.454,1000,1500,1500,1500,1000,1000,1000,1000,1000,1000,1000,1000
IMU,23:13:39.478,8,-103,453,116,165,28
MAG,23:13:39.478,-2215,-2965,1205
ATTITUDE,23:13:39.478,-29,88,208,STABILIZE
RADIO,23:13:39.478,1000,1500,1500,1500,1000,1000,1000,1000,1000,1000,1000,1000
IMU,23:13:39.505,58,-157,519,98,109,6
MAG,23:13:39.505,-2215,-2965,1205
ATTITUDE,23:13:39.505,-120,-12,209,STABILIZE
RADIO,23:13:39.505,1000,1500,1500,1500,1000,1000,1000,1000,1000,1000,1000,1000
IMU,23:13:39.529,79,-197,532,66,83,3
MAG,23:13:39.529,-2215,-2965,1205
ATTITUDE,23:13:39.529,-120,-12,209,STABILIZE
RADIO,23:13:39.529,1000,1500,1500,1500,1000,1000,1000,1000,1000,1000,1000,1000
IMU,23:13:39.553,79,-197,532,66,83,3
MAG,23:13:39.553,-2215,-2965,1205
ATTITUDE,23:13:39.553,-120,-12,209,STABILIZE
RADIO,23:13:39.553,1000,1500,1500,1500,1000,1000,1000,1000,1000,1000,1000,1000
IMU,23:13:39.580,79,-197,532,66,83,3
MAG,23:13:39.580,-1847,-3010,1195
ATTITUDE,23:13:39.580,-140,-28,212,STABILIZE
RADIO,23:13:39.580,1000,1500,1500,1500,1000,1000,1000,1000,1000,1000,1000,1000
IMU,23:13:39.608,143,-199,523,-45,-36,0
MAG,23:13:39.608,-1847,-3010,1195
ATTITUDE,23:13:39.608,-140,-28,212,STABILIZE
RADIO,23:13:39.608,1000,1500,1500,1500,1000,1000,1000,1000,1000,1000,1000,1000
IMU,23:13:39.641,143,-199,523,-45,-36,0
MAG,23:13:39.641,-1847,-3010,1195
ATTITUDE,23:13:39.641,-140,-29,212,STABILIZE
RADIO,23:13:39.641,1000,1500,1500,1500,1000,1000,1000,1000,1000,1000,1000,1000
IMU,23:13:39.667,142,-191,482,-91,-53,-2
MAG,23:13:39.667,-1732,-3050,1135
ATTITUDE,23:13:39.667,-195,-120,206,STABILIZE
RADIO,23:13:39.667,1000,1500,1500,1500,1000,1000,1000,1000,1000,1000,1000,1000
IMU,23:13:39.694,128,-163,477,-69,-60,1
MAG,23:13:39.694,-1732,-3050,1135
ATTITUDE,23:13:39.694,-195,-120,206,STABILIZE
RADIO,23:13:39.694,1000,1500,1500,1500,1000,1000,1000,1000,1000,1000,1000,1000
IMU,23:13:39.721,128,-163,477,-69,-60,1
MAG,23:13:39.721,-1732,-3050,1135
ATTITUDE,23:13:39.721,-200,-139,206,STABILIZE
RADIO,23:13:39.721,1000,1500,1500,1500,1000,1000,1000,1000,1000,1000,1000,1000
IMU,23:13:39.745,114,-138,466,-15,-41,2
MAG,23:13:39.745,-1732,-3050,1135
ATTITUDE,23:13:39.745,-200,-139,206,STABILIZE
RADIO,23:13:39.745,1000,1500,1500,1500,1000,1000,1000,1000,1000,1000,1000,1000
IMU,23:13:39.772,114,-138,466,-15,-41,2
MAG,23:13:39.772,-1732,-3050,1135
ATTITUDE,23:13:39.772,-178,-138,207,STABILIZE
RADIO,23:13:39.772,1000,1500,1500,1500,1000,1000,1000,1000,1000,1000,1000,1000
IMU,23:13:39.802,81,-139,466,58,-2,-3
MAG,23:13:39.802,-1732,-3050,1135
ATTITUDE,23:13:39.802,-178,-138,207,STABILIZE
RADIO,23:13:39.802,1000,1500,1500,1500,1000,1000,1000,1000,1000,1000,1000,1000
IMU,23:13:39.830,81,-139,466,58,-2,-3
MAG,23:13:39.830,-1580,-3045,1170
ATTITUDE,23:13:39.830,-168,-115,210,STABILIZE
RADIO,23:13:39.830,1000,1500,1500,1500,1000,1000,1000,1000,1000,1000,1000,1000
IMU,23:13:39.857,54,-135,502,-62,-18,-9
MAG,23:13:39.857,-1580,-3045,1170
ATTITUDE,23:13:39.857,-158,-78,213,STABILIZE
RADIO,23:13:39.857,1000,1500,1500,1500,1000,1000,1000,1000,1000,1000,1000,1000
IMU,23:13:39.886,45,-126,512,-79,-4,-13
MAG,23:13:39.886,-1580,-3045,1170
ATTITUDE,23:13:39.886,-158,-78,213,STABILIZE
RADIO,23:13:39.886,1000,1500,1500,1500,1000,1000,1000,1000,1000,1000,1000,1000
IMU,23:13:39.908,45,-126,512,-79,-4,-13
MAG,23:13:39.908,-1657,-3030,1310
ATTITUDE,23:13:39.908,-147,-57,212,STABILIZE
RADIO,23:13:39.908,1000,1500,1500,1500,1000,1000,1000,1000,1000,1000,1000,1000
IMU,23:13:39.938,33,-103,533,-167,-15,-14
MAG,23:13:39.938,-1657,-3030,1310
ATTITUDE,23:13:39.938,-147,-57,212,STABILIZE
RADIO,23:13:39.938,1000,1500,1500,1500,1000,1000,1000,1000,1000,1000,1000,1000
IMU,23:13:39.959,33,-103,533,-167,-15,-14
MAG,23:13:39.959,-1657,-3030,1310
ATTITUDE,23:13:39.959,-131,-45,213,STABILIZE
RADIO,23:13:39.959,1000,1500,1500,1500,1000,1000,1000,1000,1000,1000,1000,1000
IMU,23:13:39.988,31,-43,548,-182,-49,15
MAG,23:13:39.988,-1657,-3030,1310
ATTITUDE,23:13:39.988,-131,-45,213,STABILIZE
RADIO,23:13:39.988,1000,1500,1500,1500,1000,1000,1000,1000,1000,1000,1000,1000
IMU,23:13:40.017,31,-43,548,-182,-49,15
MAG,23:13:40.017,-1570,-2980,1385
ATTITUDE,23:13:40.017,-81,-35,216,STABILIZE
RADIO,23:13:40.017,1000,1500,1500,1500,1000,1000,1000,1000,1000,1000,1000,1000
IMU,23:13:40.045,41,17,517,-100,-15,-31
MAG,23:13:40.045,-1570,-2980,1385
ATTITUDE,23:13:40.045,-22,-41,218,STABILIZE
RADIO,23:13:40.045,1000,1500,1500,1500,1000,1000,1000,1000,1000,1000,1000,1000
IMU,23:13:40.073,40,64,468,-58,-3,-18
MAG,23:13:40.073,-1570,-2980,1385
ATTITUDE,23:13:40.073,-22,-41,218,STABILIZE
RADIO,23:13:40.073,1000,1500,1500,1500,1000,1000,1000,1000,1000,1000,1000,1000
IMU,23:13:40.095,40,64,468,-58,-3,-18
MAG,23:13:40.095,-1490,-3025,1525
ATTITUDE,23:13:40.095,37,-47,219,STABILIZE
RADIO,23:13:40.095,1000,1500,1500,1500,1000,1000,1000,1000,1000,1000,1000,1000
IMU,23:13:40.123,29,105,447,74,-11,41
MAG,23:13:40.123,-1490,-3025,1525
ATTITUDE,23:13:40.123,37,-47,219,STABILIZE
RADIO,23:13:40.123,1000,1500,1500,1500,1000,1000,1000,1000,1000,1000,1000,1000
IMU,23:13:40.144,29,105,447,74,-11,41
MAG,23:13:40.144,-1490,-3025,1525
ATTITUDE,23:13:40.144,103,-41,222,STABILIZE
RADIO,23:13:40.144,1000,1500,1500,1500,1000,1000,1000,1000,1000,1000,1000,1000
IMU,23:13:40.174,28,80,446,55,8,4
MAG,23:13:40.174,-1490,-3025,1525
ATTITUDE,23:13:40.174,103,-41,222,STABILIZE
RADIO,23:13:40.174,1000,1500,1500,1500,1000,1000,1000,1000,1000,1000,1000,1000
IMU,23:13:40.200,28,80,446,55,8,4
MAG,23:13:40.200,-1490,-3025,1525
ATTITUDE,23:13:40.200,113,-39,223,STABILIZE
RADIO,23:13:40.200,1000,1500,1500,1500,1000,1000,1000,1000,1000,1000,1000,1000
IMU,23:13:40.227,10,65,539,59,-115,44
MAG,23:13:40.227,-1490,-3025,1525
ATTITUDE,23:13:40.227,113,-39,223,STABILIZE
RADIO,23:13:40.227,1000,1500,1500,1500,1000,1000,1000,1000,1000,1000,1000,1000
IMU,23:13:40.256,10,65,539,59,-115,44
MAG,23:13:40.256,-1430,-3035,1560
ATTITUDE,23:13:40.256,85,-21,223,STABILIZE
RADIO,23:13:40.256,1000,1500,1500,1500,1000,1000,1000,1000,1000,1000,1000,1000
IMU,23:13:40.288,-48,74,588,78,-50,9
MAG,23:13:40.288,-1430,-3035,1560
ATTITUDE,23:13:40.288,83,-17,224,STABILIZE
RADIO,23:13:40.288,1000,1500,1500,1500,1000,1000,1000,1000,1000,1000,1000,1000
IMU,23:13:40.315,-101,19,552,10,29,-15
MAG,23:13:40.315,-1430,-3035,1560
ATTITUDE,23:13:40.315,83,-17,224,STABILIZE
RADIO,23:13:40.315,1000,1500,1500,1500,1000,1000,1000,1000,1000,1000,1000,1000
IMU,23:13:40.337,-101,19,552,10,29,-15
MAG,23:13:40.337,-1435,-3020,1790
ATTITUDE,23:13:40.337,55,38,225,STABILIZE
RADIO,23:13:40.337,1000,1500,1500,1500,1000,1000,1000,1000,1000,1000,1000,1000
IMU,23:13:40.360,-109,0,581,-46,7,30
MAG,23:13:40.360,-1435,-3020,1790
ATTITUDE,23:13:40.360,55,38,225,STABILIZE
RADIO,23:13:40.360,1000,1500,1500,1500,1000,1000,1000,1000,1000,1000,1000,1000
IMU,23:13:40.388,-109,0,581,-46,7,30
MAG,23:13:40.388,-1435,-3020,1790
ATTITUDE,23:13:40.388,29,77,227,STABILIZE
RADIO,23:13:40.388,1000,1500,1500,1500,1000,1000,1000,1000,1000,1000,1000,1000
IMU,23:13:40.418,-69,15,617,-31,-20,-12
MAG,23:13:40.418,-1355,-2925,1680
ATTITUDE,23:13:40.418,28,77,227,STABILIZE
RADIO,23:13:40.418,1000,1500,1500,1500,1000,1000,1000,1000,1000,1000,1000,1000
IMU,23:13:40.444,-40,9,531,-28,-45,-17
MAG,23:13:40.444,-1355,-2925,1680
ATTITUDE,23:13:40.444,28,77,227,STABILIZE
RADIO,23:13:40.444,1000,1500,1500,1500,1000,1000,1000,1000,1000,1000,1000,1000
IMU,23:13:40.474,-40,9,531,-28,-45,-17
MAG,23:13:40.474,-1355,-2925,1680
ATTITUDE,23:13:40.474,20,60,227,STABILIZE
RADIO,23:13:40.474,1000,1500,1500,1500,1000,1000,1000,1000,1000,1000,1000,1000
IMU,23:13:40.502,-48,33,421,-16,7,-36
MAG,23:13:40.502,-1355,-2925,1680
ATTITUDE,23:13:40.502,20,60,227,STABILIZE
RADIO,23:13:40.502,1000,1500,1500,1500,1000,1000,1000,1000,1000,1000,1000,1000
IMU,23:13:40.530,-48,33,421,-16,7,-36
MAG,23:13:40.530,-1395,-3020,1650
ATTITUDE,23:13:40.530,13,52,226,STABILIZE
RADIO,23:13:40.530,1000,1500,1500,1500,1000,1000,1000,1000,1000,1000,1000,1000
IMU,23:13:40.556,-26,102,473,81,9,25
MAG,23:13:40.556,-1395,-3020,1650
ATTITUDE,23:13:40.556,13,52,226,STABILIZE
RADIO,23:13:40.556,1000,1500,1500,1500,1000,1000,1000,1000,1000,1000,1000,1000
IMU,23:13:40.581,-26,102,473,81,9,25
MAG,23:13:40.581,-1395,-3020,1650
ATTITUDE,23:13:40.581,76,43,226,STABILIZE
RADIO,23:13:40.581,1000,1500,1500,1500,1000,1000,1000,1000,1000,1000,1000,1000
IMU,23:13:40.607,7,56,471,63,1,36
MAG,23:13:40.607,-1257,-3045,1395
ATTITUDE,23:13:40.607,86,13,225,STABILIZE
RADIO,23:13:40.607,1000,1500,1500,1500,1000,1000,1000,1000,1000,1000,1000,1000
IMU,23:13:40.636,7,56,471,63,1,36
MAG,23:13:40.636,-1257,-3045,1395
ATTITUDE,23:13:40.636,86,13,225,STABILIZE
RADIO,23:13:40.636,1000,1500,1500,1500,1000,1000,1000,1000,1000,1000,1000,1000
IMU,23:13:40.665,2,-28,440,43,64,-17
MAG,23:13:40.665,-1257,-3045,1395
ATTITUDE,23:13:40.665,38,1,226,STABILIZE
RADIO,23:13:40.665,1000,1500,1500,1500,1000,1000,1000,1000,1000,1000,1000,1000
IMU,23:13:40.695,-5,-40,464,36,26,13
MAG,23:13:40.695,-1257,-3045,1395
ATTITUDE,23:13:40.695,38,1,226,STABILIZE
RADIO,23:13:40.695,1000,1500,1500,1500,1000,1000,1000,1000,1000,1000,1000,1000
IMU,23:13:40.723,-5,-40,464,36,26,13
MAG,23:13:40.724,-1257,-3045,1395
ATTITUDE,23:13:40.724,-17,3,225,STABILIZE
RADIO,23:13:40.724,1000,1500,1500,1500,1000,1000,1000,1000,1000,1000,1000,1000
IMU,23:13:40.747,-25,-50,516,-10,34,-6
MAG,23:13:40.747,-1325,-2925,1575
ATTITUDE,23:13:40.747,-44,15,223,STABILIZE
RADIO,23:13:40.747,1000,1500,1500,1500,1000,1000,1000,1000,1000,1000,1000,1000
IMU,23:13:40.776,-25,-50,516,-10,34,-6
MAG,23:13:40.776,-1325,-2925,1575
ATTITUDE,23:13:40.776,-44,15,223,STABILIZE
RADIO,23:13:40.776,1000,1500,1500,1500,1000,1000,1000,1000,1000,1000,1000,1000
IMU,23:13:40.803,-38,-51,586,-29,-91,-2
MAG,23:13:40.803,-1325,-2925,1575
ATTITUDE,23:13:40.803,-50,18,223,STABILIZE
RADIO,23:13:40.803,1000,1500,1500,1500,1000,1000,1000,1000,1000,1000,1000,1000
IMU,23:13:40.833,-55,2,571,-9,16,-3
MAG,23:13:40.833,-1325,-2925,1575
ATTITUDE,23:13:40.833,-50,18,223,STABILIZE
RADIO,23:13:40.834,1000,1500,1500,1500,1000,1000,1000,1000,1000,1000,1000,1000
IMU,23:13:40.861,-55,2,571,-9,16,-3
MAG,23:13:40.861,-1207,-2955,1590
ATTITUDE,23:13:40.861,-50,18,226,STABILIZE
RADIO,23:13:40.861,1000,1500,1500,1500,1000,1000,1000,1000,1000,1000,1000,1000
IMU,23:13:40.891,-55,11,513,-4,3,0
MAG,23:13:40.891,-1207,-2955,1590
ATTITUDE,23:13:40.891,-2,50,228,STABILIZE
RADIO,23:13:40.891,1000,1500,1500,1500,1000,1000,1000,1000,1000,1000,1000,1000
IMU,23:13:40.923,-30,-13,518,-5,-3,-3
MAG,23:13:40.923,-1207,-2955,1590
ATTITUDE,23:13:40.923,-2,50,228,STABILIZE
RADIO,23:13:40.923,1000,1500,1500,1500,1000,1000,1000,1000,1000,1000,1000,1000
IMU,23:13:40.949,-30,-13,518,-5,-3,-3
MAG,23:13:40.949,-1272,-2895,1535
ATTITUDE,23:13:40.949,-8,40,226,STABILIZE
RADIO,23:13:40.949,1000,1500,1500,1500,1000,1000,1000,1000,1000,1000,1000,1000
IMU,23:13:40.980,-36,-8,514,1,2,0
MAG,23:13:40.980,-1272,-2895,1535
ATTITUDE,23:13:40.980,-8,39,226,STABILIZE
RADIO,23:13:40.980,1000,1500,1500,1500,1000,1000,1000,1000,1000,1000,1000,1000
IMU,23:13:41.006,-36,-8,514,1,2,0
MAG,23:13:41.006,-1272,-2895,1535
ATTITUDE,23:13:41.006,-8,39,226,STABILIZE
RADIO,23:13:41.006,1000,1500,1500,1500,1000,1000,1000,1000,1000,1000,1000,1000
IMU,23:13:41.027,-39,-7,512,1,0,0
MAG,23:13:41.027,-1272,-3015,1630
ATTITUDE,23:13:41.027,-8,42,226,STABILIZE
RADIO,23:13:41.027,1000,1500,1500,1500,1000,1000,1000,1000,1000,1000,1000,1000
IMU,23:13:41.054,-39,-7,512,1,0,0
MAG,23:13:41.054,-1272,-3015,1630
ATTITUDE,23:13:41.054,-8,42,226,STABILIZE
RADIO,23:13:41.054,1000,1500,1500,1500,1000,1000,1000,1000,1000,1000,1000,1000
IMU,23:13:41.077,-37,-9,514,0,1,0
MAG,23:13:41.077,-1272,-3015,1630
ATTITUDE,23:13:41.077,-9,41,227,STABILIZE
RADIO,23:13:41.077,1000,1500,1500,1500,1000,1000,1000,1000,1000,1000,1000,1000
IMU,23:13:41.102,-37,-9,514,0,1,0
MAG,23:13:41.102,-1272,-3015,1630
ATTITUDE,23:13:41.102,-9,41,227,STABILIZE
RADIO,23:13:41.102,1000,1500,1500,1500,1000,1000,1000,1000,1000,1000,1000,1000
IMU,23:13:41.126,-37,-9,514,0,0,0
MAG,23:13:41.126,-1272,-3015,1630
ATTITUDE,23:13:41.126,-9,41,227,STABILIZE
RADIO,23:13:41.126,1000,1500,1500,1500,1000,1000,1000,1000,1000,1000,1000,1000
IMU,23:13:41.146,-37,-9,514,0,0,0
MAG,23:13:41.146,-1272,-3015,1630
ATTITUDE,23:13:41.146,-9,41,227,STABILIZE
RADIO,23:13:41.146,1000,1500,1500,1500,1000,1000,1000,1000,1000,1000,1000,1000
IMU,23:13:41.174,-37,-8,514,0,0,0
MAG,23:13:41.174,-1207,-2965,1685
ATTITUDE,23:13:41.174,-9,41,228,STABILIZE
RADIO,23:13:41.174,1000,1500,1500,1500,1000,1000,1000,1000,1000,1000,1000,1000
IMU,23:13:41.203,-37,-8,513,0,0,0
MAG,23:13:41.203,-1207,-2965,1685
ATTITUDE,23:13:41.203,-9,41,228,STABILIZE
RADIO,23:13:41.203,1000,1500,1500,1500,1000,1000,1000,1000,1000,1000,1000,1000
IMU,23:13:41.229,-37,-8,513,0,0,0
MAG,23:13:41.229,-1207,-2965,1685
ATTITUDE,23:13:41.229,-8,41,228,STABILIZE
RADIO,23:13:41.229,1000,1500,1500,1500,1000,1000,1000,1000,1000,1000,1000,1000
IMU,23:13:41.252,-37,-9,514,0,0,0
MAG,23:13:41.252,-1207,-2965,1685
ATTITUDE,23:13:41.252,-8,41,228,STABILIZE
RADIO,23:13:41.252,1000,1500,1500,1500,1000,1000,1000,1000,1000,1000,1000,1000
IMU,23:13:41.278,-37,-9,514,0,0,0
MAG,23:13:41.278,-1232,-2985,1665
ATTITUDE,23:13:41.278,-9,41,227,STABILIZE
RADIO,23:13:41.278,1000,1500,1500,1500,1000,1000,1000,1000,1000,1000,1000,1000
