JCFLIGHT CAIXAPRETA - Iniciada em:25/01/2021 21:34:35
GTIME,21:34:35,25/01/2021
GRAW,13,0,514,0,0,0
GATT,0,-14,206,STABILIZE
GRCC,900,1000,1000,1000,1000,1000,1000,1000
GTIME,21:34:35,25/01/2021
GRAW,13,0,514,0,0,0
GATT,0,-14,204,STABILIZE
GRCC,900,1000,1000,1000,1000,1000,1000,1000
GTIME,21:34:35,25/01/2021
GRAW,14,0,514,0,0,0
GATT,0,-14,204,STABILIZE
GRCC,900,1000,1000,1000,1000,1000,1000,1000
GTIME,21:34:35,25/01/2021
GRAW,14,0,514,0,0,0
GATT,0,-15,204,STABILIZE
GRCC,900,1000,1000,1000,1000,1000,1000,1000
GTIME,21:34:35,25/01/2021
GRAW,13,0,514,0,0,0
GATT,0,-15,204,STABILIZE
GRCC,900,1000,1000,1000,1000,1000,1000,1000
GTIME,21:34:35,25/01/2021
GRAW,13,0,514,0,0,0
GATT,0,-15,204,STABILIZE
GRCC,900,1000,1000,1000,1000,1000,1000,1000
GTIME,21:34:35,25/01/2021
GRAW,13,0,514,0,0,0
GATT,0,-14,207,STABILIZE
GRCC,900,1000,1000,1000,1000,1000,1000,1000
GTIME,21:34:35,25/01/2021
GRAW,13,0,513,0,0,0
GATT,0,-14,207,STABILIZE
GRCC,900,1000,1000,1000,1000,1000,1000,1000
GTIME,21:34:35,25/01/2021
GRAW,13,0,513,0,0,0
GATT,0,-14,207,STABILIZE
GRCC,900,1000,1000,1000,1000,1000,1000,1000
GTIME,21:34:35,25/01/2021
GRAW,13,0,514,0,0,0
GATT,0,-14,206,STABILIZE
GRCC,900,1000,1000,1000,1000,1000,1000,1000
GTIME,21:34:35,25/01/2021
GRAW,13,0,514,0,0,0
GATT,0,-14,206,STABILIZE
GRCC,900,1000,1000,1000,1000,1000,1000,1000
GTIME,21:34:35,25/01/2021
GRAW,13,0,514,0,0,0
GATT,0,-14,206,STABILIZE
GRCC,900,1000,1000,1000,1000,1000,1000,1000
GTIME,21:34:35,25/01/2021
GRAW,13,0,514,0,0,0
GATT,0,-14,207,STABILIZE
GRCC,900,1000,1000,1000,1000,1000,1000,1000
GTIME,21:34:35,25/01/2021
GRAW,14,0,514,0,0,0
GATT,0,-14,207,STABILIZE
GRCC,900,1000,1000,1000,1000,1000,1000,1000
GTIME,21:34:35,25/01/2021
GRAW,14,0,514,0,0,0
GATT,0,-15,207,STABILIZE
GRCC,900,1000,1000,1000,1000,1000,1000,1000
GTIME,21:34:35,25/01/2021
GRAW,14,0,514,0,0,0
GATT,0,-15,207,STABILIZE
GRCC,900,1000,1000,1000,1000,1000,1000,1000
GTIME,21:34:35,25/01/2021
GRAW,14,0,514,0,0,0
GATT,0,-15,206,STABILIZE
GRCC,900,1000,1000,1000,1000,1000,1000,1000
GTIME,21:34:35,25/01/2021
GRAW,13,0,514,0,0,0
GATT,0,-14,206,STABILIZE
GRCC,900,1000,1000,1000,1000,1000,1000,1000
GTIME,21:34:35,25/01/2021
GRAW,13,0,514,0,0,0
GATT,0,-14,206,STABILIZE
GRCC,900,1000,1000,1000,1000,1000,1000,1000
GTIME,21:34:35,25/01/2021
GRAW,13,0,514,0,0,0
GATT,0,-14,206,STABILIZE
GRCC,900,1000,1000,1000,1000,1000,1000,1000
GTIME,21:34:35,25/01/2021
GRAW,13,0,514,0,0,0
GATT,0,-14,206,STABILIZE
GRCC,900,1000,1000,1000,1000,1000,1000,1000
GTIME,21:34:36,25/01/2021
GRAW,13,0,514,0,0,0
GATT,0,-14,207,STABILIZE
GRCC,900,1000,1000,1000,1000,1000,1000,1000
GTIME,21:34:36,25/01/2021
GRAW,13,0,514,0,0,0
GATT,0,-14,207,STABILIZE
GRCC,900,1000,1000,1000,1000,1000,1000,1000
GTIME,21:34:36,25/01/2021
GRAW,13,0,514,0,0,0
GATT,0,-14,207,STABILIZE
GRCC,900,1000,1000,1000,1000,1000,1000,1000
GTIME,21:34:36,25/01/2021
GRAW,13,0,514,0,0,0
GATT,0,-14,205,STABILIZE
GRCC,900,1000,1000,1000,1000,1000,1000,1000
GTIME,21:34:36,25/01/2021
GRAW,13,0,514,0,0,0
GATT,0,-14,205,STABILIZE
GRCC,900,1000,1000,1000,1000,1000,1000,1000
GTIME,21:34:36,25/01/2021
GRAW,13,0,514,0,0,0
GATT,0,-14,205,STABILIZE
GRCC,900,1000,1000,1000,1000,1000,1000,1000
GTIME,21:34:36,25/01/2021
GRAW,13,0,514,0,0,0
GATT,0,-14,205,STABILIZE
GRCC,900,1000,1000,1000,1000,1000,1000,1000
GTIME,21:34:36,25/01/2021
GRAW,13,0,514,0,0,0
GATT,0,-14,204,STABILIZE
GRCC,900,1000,1000,1000,1000,1000,1000,1000
GTIME,21:34:36,25/01/2021
GRAW,13,0,513,0,0,0
GATT,0,-14,204,STABILIZE
GRCC,900,1000,1000,1000,1000,1000,1000,1000
GTIME,21:34:36,25/01/2021
GRAW,14,0,513,0,0,0
GATT,0,-14,204,STABILIZE
GRCC,900,1000,1000,1000,1000,1000,1000,1000
GTIME,21:34:36,25/01/2021
GRAW,13,0,514,0,0,0
GATT,0,-14,210,STABILIZE
GRCC,900,1000,1000,1000,1000,1000,1000,1000
GTIME,21:34:36,25/01/2021
GRAW,13,0,514,0,0,0
GATT,0,-14,209,STABILIZE
GRCC,900,1000,1000,1000,1000,1000,1000,1000
GTIME,21:34:36,25/01/2021
GRAW,13,0,514,0,0,0
GATT,0,-14,209,STABILIZE
GRCC,900,1000,1000,1000,1000,1000,1000,1000
GTIME,21:34:36,25/01/2021
GRAW,13,0,513,0,0,0
GATT,0,-14,209,STABILIZE
GRCC,900,1000,1000,1000,1000,1000,1000,1000
GTIME,21:34:36,25/01/2021
GRAW,13,0,513,0,0,0
GATT,0,-14,207,STABILIZE
GRCC,900,1000,1000,1000,1000,1000,1000,1000
GTIME,21:34:36,25/01/2021
GRAW,13,0,514,0,0,0
GATT,0,-14,207,STABILIZE
GRCC,900,1000,1000,1000,1000,1000,1000,1000
GTIME,21:34:36,25/01/2021
GRAW,13,0,513,0,0,0
GATT,0,-15,206,STABILIZE
GRCC,900,1000,1000,1000,1000,1000,1000,1000
GTIME,21:34:36,25/01/2021
GRAW,14,0,514,0,0,0
GATT,0,-14,206,STABILIZE
GRCC,900,1000,1000,1000,1000,1000,1000,1000
GTIME,21:34:36,25/01/2021
GRAW,14,0,514,0,0,0
GATT,0,-14,206,STABILIZE
GRCC,900,1000,1000,1000,1000,1000,1000,1000
GTIME,21:34:36,25/01/2021
GRAW,13,0,514,0,0,0
GATT,0,-14,206,STABILIZE
GRCC,900,1000,1000,1000,1000,1000,1000,1000
GTIME,21:34:36,25/01/2021
GRAW,13,0,514,0,0,0
GATT,0,-14,206,STABILIZE
GRCC,900,1000,1000,1000,1000,1000,1000,1000
GTIME,21:34:36,25/01/2021
GRAW,13,0,513,0,0,0
GATT,0,-14,206,STABILIZE
GRCC,900,1000,1000,1000,1000,1000,1000,1000
GTIME,21:34:36,25/01/2021
GRAW,13,0,513,0,0,0
GATT,0,-14,208,STABILIZE
GRCC,900,1000,1000,1000,1000,1000,1000,1000
GTIME,21:34:36,25/01/2021
GRAW,13,0,513,0,0,0
GATT,0,-14,208,STABILIZE
GRCC,900,1000,1000,1000,1000,1000,1000,1000
GTIME,21:34:36,25/01/2021
GRAW,13,0,513,0,0,0
GATT,0,-14,207,STABILIZE
GRCC,900,1000,1000,1000,1000,1000,1000,1000
GTIME,21:34:36,25/01/2021
GRAW,13,0,514,0,0,0
GATT,0,-14,208,STABILIZE
GRCC,900,1000,1000,1000,1000,1000,1000,1000
GTIME,21:34:36,25/01/2021
GRAW,13,0,514,0,0,0
GATT,0,-14,208,STABILIZE
GRCC,900,1000,1000,1000,1000,1000,1000,1000
GTIME,21:34:36,25/01/2021
GRAW,13,0,514,0,0,0
GATT,0,-14,208,STABILIZE
GRCC,900,1000,1000,1000,1000,1000,1000,1000
GTIME,21:34:36,25/01/2021
GRAW,13,0,514,0,0,0
GATT,0,-14,209,STABILIZE
GRCC,900,1000,1000,1000,1000,1000,1000,1000
GTIME,21:34:36,25/01/2021
GRAW,13,0,513,4,-6,-6
GATT,0,-14,209,STABILIZE
GRCC,900,1000,1000,1000,1000,1000,1000,1000
GTIME,21:34:37,25/01/2021
GRAW,13,0,513,4,-6,-6
GATT,0,-14,209,STABILIZE
GRCC,900,1000,1000,1000,1000,1000,1000,1000
GTIME,21:34:37,25/01/2021
GRAW,2,-5,511,10,4,4
GATT,0,-14,209,STABILIZE
GRCC,900,1000,1000,1000,1000,1000,1000,1000
GTIME,21:34:37,25/01/2021
GRAW,2,-5,511,10,4,4
GATT,-1,-8,205,STABILIZE
GRCC,900,1000,1000,1000,1000,1000,1000,1000
GTIME,21:34:37,25/01/2021
GRAW,3,-9,521,-23,15,15
GATT,-11,1,206,STABILIZE
GRCC,900,1000,1000,1000,1000,1000,1000,1000
GTIME,21:34:37,25/01/2021
GRAW,26,2,517,11,-23,-23
GATT,-11,1,206,STABILIZE
GRCC,900,1000,1000,1000,1000,1000,1000,1000
GTIME,21:34:37,25/01/2021
GRAW,19,-1,510,-13,5,5
GATT,0,-19,206,STABILIZE
GRCC,900,1000,1000,1000,1000,1000,1000,1000
GTIME,21:34:37,25/01/2021
GRAW,19,-1,510,-13,5,5
GATT,4,-26,208,STABILIZE
GRCC,900,1000,1000,1000,1000,1000,1000,1000
GTIME,21:34:37,25/01/2021
GRAW,4,5,547,-47,20,20
GATT,-10,-8,208,STABILIZE
GRCC,900,1000,1000,1000,1000,1000,1000,1000
GTIME,21:34:37,25/01/2021
GRAW,3,22,598,-196,36,36
GATT,-10,-8,208,STABILIZE
GRCC,900,1000,1000,1000,1000,1000,1000,1000
GTIME,21:34:37,25/01/2021
GRAW,3,22,598,-196,36,36
GATT,-2,-2,209,STABILIZE
GRCC,900,1000,1000,1000,1000,1000,1000,1000
GTIME,21:34:37,25/01/2021
GRAW,53,107,559,-183,-12,-12
GATT,26,-17,209,STABILIZE
GRCC,900,1000,1000,1000,1000,1000,1000,1000
GTIME,21:34:37,25/01/2021
GRAW,36,176,458,-95,-29,-29
GATT,147,-41,212,STABILIZE
GRCC,900,1000,1000,1000,1000,1000,1000,1000
GTIME,21:34:37,25/01/2021
GRAW,43,211,409,-123,5,5
GATT,147,-41,212,STABILIZE
GRCC,900,1000,1000,1000,1000,1000,1000,1000
GTIME,21:34:37,25/01/2021
GRAW,43,211,409,-123,5,5
GATT,292,-54,216,STABILIZE
GRCC,900,1000,1000,1000,1000,1000,1000,1000
GTIME,21:34:37,25/01/2021
GRAW,37,282,411,243,23,23
GATT,334,-46,216,STABILIZE
GRCC,900,1000,1000,1000,1000,1000,1000,1000
GTIME,21:34:37,25/01/2021
GRAW,41,250,429,335,-31,-31
GATT,334,-46,216,STABILIZE
GRCC,900,1000,1000,1000,1000,1000,1000,1000
GTIME,21:34:37,25/01/2021
GRAW,28,157,439,418,-30,-30
GATT,326,-48,212,STABILIZE
GRCC,900,1000,1000,1000,1000,1000,1000,1000
GTIME,21:34:37,25/01/2021
GRAW,28,157,439,418,-30,-30
GATT,192,-33,210,STABILIZE
GRCC,900,1000,1000,1000,1000,1000,1000,1000
GTIME,21:34:37,25/01/2021
GRAW,10,-149,427,170,10,10
GATT,192,-33,210,STABILIZE
GRCC,900,1000,1000,1000,1000,1000,1000,1000
GTIME,21:34:37,25/01/2021
GRAW,10,-300,413,60,19,19
GATT,-37,-14,198,STABILIZE
GRCC,900,1000,1000,1000,1000,1000,1000,1000
GTIME,21:34:37,25/01/2021
GRAW,10,-300,413,60,19,19
GATT,-37,-14,198,STABILIZE
GRCC,900,1000,1000,1000,1000,1000,1000,1000
GTIME,21:34:37,25/01/2021
GRAW,10,-300,413,60,19,19
GATT,-316,-11,182,STABILIZE
GRCC,900,1000,1000,1000,1000,1000,1000,1000
GTIME,21:34:37,25/01/2021
GRAW,8,-307,517,-134,-37,-37
GATT,-319,-12,181,STABILIZE
GRCC,900,1000,1000,1000,1000,1000,1000,1000
GTIME,21:34:37,25/01/2021
GRAW,-9,-280,523,-261,-76,-76
GATT,-319,-12,181,STABILIZE
GRCC,900,1000,1000,1000,1000,1000,1000,1000
GTIME,21:34:37,25/01/2021
GRAW,-9,-280,523,-261,-76,-76
GATT,-325,-14,180,STABILIZE
GRCC,900,1000,1000,1000,1000,1000,1000,1000
GTIME,21:34:37,25/01/2021
GRAW,-28,-193,511,-220,-102,-102
GATT,-325,-14,180,STABILIZE
GRCC,900,1000,1000,1000,1000,1000,1000,1000
GTIME,21:34:37,25/01/2021
GRAW,-28,-193,511,-220,-102,-102
GATT,-240,16,185,STABILIZE
GRCC,900,1000,1000,1000,1000,1000,1000,1000
GTIME,21:34:38,25/01/2021
GRAW,-63,-63,521,-114,-101,-101
GATT,-132,50,193,STABILIZE
GRCC,900,1000,1000,1000,1000,1000,1000,1000
GTIME,21:34:38,25/01/2021
GRAW,-63,-63,521,-114,-101,-101
GATT,-132,50,193,STABILIZE
GRCC,900,1000,1000,1000,1000,1000,1000,1000
GTIME,21:34:38,25/01/2021
GRAW,-105,9,475,-68,-59,-59
GATT,-42,96,200,STABILIZE
GRCC,900,1000,1000,1000,1000,1000,1000,1000
GTIME,21:34:38,25/01/2021
GRAW,-138,65,441,-54,-44,-44
GATT,-42,96,200,STABILIZE
GRCC,900,1000,1000,1000,1000,1000,1000,1000
GTIME,21:34:38,25/01/2021
GRAW,-138,65,441,-54,-44,-44
GATT,53,153,205,STABILIZE
GRCC,900,1000,1000,1000,1000,1000,1000,1000
GTIME,21:34:38,25/01/2021
GRAW,-156,110,420,-19,-9,-9
GATT,53,153,205,STABILIZE
GRCC,900,1000,1000,1000,1000,1000,1000,1000
GTIME,21:34:38,25/01/2021
GRAW,-156,110,420,-19,-9,-9
GATT,115,183,207,STABILIZE
GRCC,900,1000,1000,1000,1000,1000,1000,1000
GTIME,21:34:38,25/01/2021
GRAW,-164,116,417,-2,11,11
GATT,115,183,207,STABILIZE
GRCC,900,1000,1000,1000,1000,1000,1000,1000
GTIME,21:34:38,25/01/2021
GRAW,-164,116,417,-2,11,11
GATT,146,199,207,STABILIZE
GRCC,900,1000,1000,1000,1000,1000,1000,1000
GTIME,21:34:38,25/01/2021
GRAW,-168,119,442,-5,26,26
GATT,146,199,207,STABILIZE
GRCC,900,1000,1000,1000,1000,1000,1000,1000
GTIME,21:34:38,25/01/2021
GRAW,-168,119,442,-5,26,26
GATT,148,202,208,STABILIZE
GRCC,900,1000,1000,1000,1000,1000,1000,1000
GTIME,21:34:38,25/01/2021
GRAW,-171,115,476,15,12,12
GATT,140,196,208,STABILIZE
GRCC,900,1000,1000,1000,1000,1000,1000,1000
GTIME,21:34:38,25/01/2021
GRAW,-160,102,441,43,29,29
GATT,140,196,208,STABILIZE
GRCC,900,1000,1000,1000,1000,1000,1000,1000
GTIME,21:34:38,25/01/2021
GRAW,-160,102,441,43,29,29
GATT,132,196,209,STABILIZE
GRCC,900,1000,1000,1000,1000,1000,1000,1000
GTIME,21:34:38,25/01/2021
GRAW,-131,59,381,103,125,125
GATT,134,198,209,STABILIZE
GRCC,900,1000,1000,1000,1000,1000,1000,1000
GTIME,21:34:38,25/01/2021
GRAW,-91,28,454,150,113,113
GATT,90,162,208,STABILIZE
GRCC,900,1000,1000,1000,1000,1000,1000,1000
GTIME,21:34:38,25/01/2021
GRAW,-56,-30,516,72,131,131
GATT,90,162,208,STABILIZE
GRCC,900,1000,1000,1000,1000,1000,1000,1000
GTIME,21:34:38,25/01/2021
GRAW,-56,-30,516,72,131,131
GATT,-3,86,205,STABILIZE
GRCC,900,1000,1000,1000,1000,1000,1000,1000
GTIME,21:34:38,25/01/2021
GRAW,-4,-76,556,105,49,49
GATT,-54,32,206,STABILIZE
GRCC,900,1000,1000,1000,1000,1000,1000,1000
GTIME,21:34:38,25/01/2021
GRAW,-4,-76,556,105,49,49
GATT,-54,32,206,STABILIZE
GRCC,900,1000,1000,1000,1000,1000,1000,1000
GTIME,21:34:38,25/01/2021
GRAW,28,-90,540,43,46,46
GATT,-54,32,206,STABILIZE
GRCC,900,1000,1000,1000,1000,1000,1000,1000
GTIME,21:34:38,25/01/2021
GRAW,28,-90,540,43,46,46
GATT,-105,-26,203,STABILIZE
GRCC,900,1000,1000,1000,1000,1000,1000,1000
GTIME,21:34:38,25/01/2021
GRAW,57,-126,506,9,22,22
GATT,-105,-26,203,STABILIZE
GRCC,900,1000,1000,1000,1000,1000,1000,1000
GTIME,21:34:38,25/01/2021
GRAW,57,-126,506,9,22,22
GATT,-131,-53,200,STABILIZE
GRCC,900,1000,1000,1000,1000,1000,1000,1000
GTIME,21:34:38,25/01/2021
GRAW,67,-122,481,-19,44,44
GATT,-131,-53,200,STABILIZE
GRCC,900,1000,1000,1000,1000,1000,1000,1000
GTIME,21:34:38,25/01/2021
GRAW,67,-122,481,-19,44,44
GATT,-141,-71,203,STABILIZE
GRCC,900,1000,1000,1000,1000,1000,1000,1000
GTIME,21:34:38,25/01/2021
GRAW,90,-132,489,-26,24,24
GATT,-141,-71,203,STABILIZE
GRCC,900,1000,1000,1000,1000,1000,1000,1000
GTIME,21:34:38,25/01/2021
GRAW,104,-108,543,-301,15,15
GATT,-149,-92,201,STABILIZE
GRCC,900,1000,1000,1000,1000,1000,1000,1000
GTIME,21:34:38,25/01/2021
GRAW,104,-108,543,-301,15,15
GATT,-149,-92,201,STABILIZE
GRCC,900,1000,1000,1000,1000,1000,1000,1000
GTIME,21:34:38,25/01/2021
GRAW,104,-108,543,-301,15,15
GATT,-148,-102,201,STABILIZE
GRCC,900,1000,1000,1000,1000,1000,1000,1000
GTIME,21:34:39,25/01/2021
GRAW,107,112,509,-262,-32,-32
GATT,-148,-102,201,STABILIZE
GRCC,900,1000,1000,1000,1000,1000,1000,1000
GTIME,21:34:39,25/01/2021
GRAW,107,112,509,-262,-32,-32
GATT,132,-113,213,STABILIZE
GRCC,900,1000,1000,1000,1000,1000,1000,1000
GTIME,21:34:39,25/01/2021
GRAW,77,275,397,32,-22,-22
GATT,271,-98,219,STABILIZE
GRCC,900,1000,1000,1000,1000,1000,1000,1000
GTIME,21:34:39,25/01/2021
GRAW,51,289,350,320,-22,-22
GATT,364,-79,220,STABILIZE
GRCC,900,1000,1000,1000,1000,1000,1000,1000
GTIME,21:34:39,25/01/2021
GRAW,56,259,392,423,-19,-19
GATT,364,-79,220,STABILIZE
GRCC,900,1000,1000,1000,1000,1000,1000,1000
GTIME,21:34:39,25/01/2021
GRAW,56,259,392,423,-19,-19
GATT,349,-69,217,STABILIZE
GRCC,900,1000,1000,1000,1000,1000,1000,1000
GTIME,21:34:39,25/01/2021
GRAW,53,77,442,394,-10,-10
GATT,349,-69,217,STABILIZE
GRCC,900,1000,1000,1000,1000,1000,1000,1000
GTIME,21:34:39,25/01/2021
GRAW,53,77,442,394,-10,-10
GATT,218,-71,217,STABILIZE
GRCC,900,1000,1000,1000,1000,1000,1000,1000
GTIME,21:34:39,25/01/2021
GRAW,42,-162,467,312,-6,-6
GATT,-28,-58,211,STABILIZE
GRCC,900,1000,1000,1000,1000,1000,1000,1000
GTIME,21:34:39,25/01/2021
GRAW,57,-284,454,275,-5,-5
GATT,-28,-58,211,STABILIZE
GRCC,900,1000,1000,1000,1000,1000,1000,1000
GTIME,21:34:39,25/01/2021
GRAW,57,-284,454,275,-5,-5
GATT,-252,-57,195,STABILIZE
GRCC,900,1000,1000,1000,1000,1000,1000,1000
GTIME,21:34:39,25/01/2021
GRAW,47,-382,408,70,-19,-19
GATT,-252,-57,195,STABILIZE
GRCC,900,1000,1000,1000,1000,1000,1000,1000
GTIME,21:34:39,25/01/2021
GRAW,47,-382,408,70,-19,-19
GATT,-362,-54,185,STABILIZE
GRCC,900,1000,1000,1000,1000,1000,1000,1000
GTIME,21:34:39,25/01/2021
GRAW,35,-434,338,-45,9,9
GATT,-362,-54,185,STABILIZE
GRCC,900,1000,1000,1000,1000,1000,1000,1000
GTIME,21:34:39,25/01/2021
GRAW,35,-434,338,-45,9,9
GATT,-465,-42,175,STABILIZE
GRCC,900,1000,1000,1000,1000,1000,1000,1000
GTIME,21:34:39,25/01/2021
GRAW,31,-399,336,-416,30,30
GATT,-508,-34,167,STABILIZE
GRCC,900,1000,1000,1000,1000,1000,1000,1000
GTIME,21:34:39,25/01/2021
GRAW,38,-333,412,-378,11,11
GATT,-453,-35,171,STABILIZE
GRCC,900,1000,1000,1000,1000,1000,1000,1000
GTIME,21:34:39,25/01/2021
GRAW,49,-207,501,-381,-30,-30
GATT,-319,-45,183,STABILIZE
GRCC,900,1000,1000,1000,1000,1000,1000,1000
GTIME,21:34:39,25/01/2021
GRAW,49,-207,501,-381,-30,-30
GATT,-319,-45,183,STABILIZE
GRCC,900,1000,1000,1000,1000,1000,1000,1000
GTIME,21:34:39,25/01/2021
GRAW,41,-40,511,-168,-24,-24
GATT,-155,-46,198,STABILIZE
GRCC,900,1000,1000,1000,1000,1000,1000,1000
GTIME,21:34:39,25/01/2021
GRAW,23,77,482,-164,-23,-23
GATT,-155,-46,198,STABILIZE
GRCC,900,1000,1000,1000,1000,1000,1000,1000
GTIME,21:34:39,25/01/2021
GRAW,23,77,482,-164,-23,-23
GATT,-155,-46,198,STABILIZE
GRCC,900,1000,1000,1000,1000,1000,1000,1000
GTIME,21:34:39,25/01/2021
GRAW,23,77,482,-164,-23,-23
GATT,88,-24,212,STABILIZE
GRCC,900,1000,1000,1000,1000,1000,1000,1000
GTIME,21:34:39,25/01/2021
GRAW,2,176,451,11,-15,-15
GATT,169,-10,216,STABILIZE
GRCC,900,1000,1000,1000,1000,1000,1000,1000
GTIME,21:34:39,25/01/2021
GRAW,1,208,460,94,-27,-27
GATT,169,-10,216,STABILIZE
GRCC,900,1000,1000,1000,1000,1000,1000,1000
GTIME,21:34:39,25/01/2021
GRAW,-3,194,503,118,-39,-39
GATT,224,-3,217,STABILIZE
GRCC,900,1000,1000,1000,1000,1000,1000,1000
GTIME,21:34:39,25/01/2021
GRAW,-3,194,503,118,-39,-39
GATT,222,0,218,STABILIZE
GRCC,900,1000,1000,1000,1000,1000,1000,1000
GTIME,21:34:39,25/01/2021
GRAW,-20,154,539,176,-107,-107
GATT,222,0,218,STABILIZE
GRCC,900,1000,1000,1000,1000,1000,1000,1000
GTIME,21:34:39,25/01/2021
GRAW,-20,154,539,176,-107,-107
GATT,177,13,218,STABILIZE
GRCC,900,1000,1000,1000,1000,1000,1000,1000
GTIME,21:34:39,25/01/2021
GRAW,-59,22,527,72,-97,-97
GATT,177,13,218,STABILIZE
GRCC,900,1000,1000,1000,1000,1000,1000,1000
GTIME,21:34:40,25/01/2021
GRAW,-59,22,527,72,-97,-97
GATT,57,53,215,STABILIZE
GRCC,900,1000,1000,1000,1000,1000,1000,1000
GTIME,21:34:40,25/01/2021
GRAW,-106,-14,491,19,-42,-42
GATT,4,95,216,STABILIZE
GRCC,900,1000,1000,1000,1000,1000,1000,1000
GTIME,21:34:40,25/01/2021
GRAW,-135,-23,479,1,-34,-34
GATT,-14,135,206,STABILIZE
GRCC,900,1000,1000,1000,1000,1000,1000,1000
GTIME,21:34:40,25/01/2021
GRAW,-153,-28,480,19,-30,-30
GATT,-14,135,206,STABILIZE
GRCC,900,1000,1000,1000,1000,1000,1000,1000
GTIME,21:34:40,25/01/2021
GRAW,-153,-28,480,19,-30,-30
GATT,-29,162,208,STABILIZE
GRCC,900,1000,1000,1000,1000,1000,1000,1000
GTIME,21:34:40,25/01/2021
GRAW,-167,-32,473,-11,-22,-22
GATT,-35,184,209,STABILIZE
GRCC,900,1000,1000,1000,1000,1000,1000,1000
GTIME,21:34:40,25/01/2021
GRAW,-175,-44,442,23,10,10
GATT,-46,203,211,STABILIZE
GRCC,900,1000,1000,1000,1000,1000,1000,1000
GTIME,21:34:40,25/01/2021
GRAW,-175,-48,446,29,23,23
GATT,-46,203,211,STABILIZE
GRCC,900,1000,1000,1000,1000,1000,1000,1000
GTIME,21:34:40,25/01/2021
GRAW,-175,-48,446,29,23,23
GATT,-57,213,209,STABILIZE
GRCC,900,1000,1000,1000,1000,1000,1000,1000
GTIME,21:34:40,25/01/2021
GRAW,-164,-48,459,65,28,28
GATT,-57,213,209,STABILIZE
GRCC,900,1000,1000,1000,1000,1000,1000,1000
GTIME,21:34:40,25/01/2021
GRAW,-149,-57,433,104,63,63
GATT,-58,203,209,STABILIZE
GRCC,900,1000,1000,1000,1000,1000,1000,1000
GTIME,21:34:40,25/01/2021
GRAW,-149,-57,433,104,63,63
GATT,-65,194,208,STABILIZE
GRCC,900,1000,1000,1000,1000,1000,1000,1000
GTIME,21:34:40,25/01/2021
GRAW,-128,-93,432,45,56,56
GATT,-65,194,208,STABILIZE
GRCC,900,1000,1000,1000,1000,1000,1000,1000
GTIME,21:34:40,25/01/2021
GRAW,-128,-93,432,45,56,56
GATT,-119,165,207,STABILIZE
GRCC,900,1000,1000,1000,1000,1000,1000,1000
GTIME,21:34:40,25/01/2021
GRAW,-82,-128,397,-26,114,114
GATT,-119,165,207,STABILIZE
GRCC,900,1000,1000,1000,1000,1000,1000,1000
GTIME,21:34:40,25/01/2021
GRAW,-82,-128,397,-26,114,114
GATT,-130,162,207,STABILIZE
GRCC,900,1000,1000,1000,1000,1000,1000,1000
GTIME,21:34:40,25/01/2021
GRAW,-23,-115,458,-61,125,125
GATT,-130,162,207,STABILIZE
GRCC,900,1000,1000,1000,1000,1000,1000,1000
GTIME,21:34:40,25/01/2021
GRAW,-23,-115,458,-61,125,125
GATT,-136,56,202,STABILIZE
GRCC,900,1000,1000,1000,1000,1000,1000,1000
GTIME,21:34:40,25/01/2021
GRAW,31,-125,580,-108,22,22
GATT,-136,56,202,STABILIZE
GRCC,900,1000,1000,1000,1000,1000,1000,1000
GTIME,21:34:40,25/01/2021
GRAW,31,-125,580,-108,22,22
GATT,-134,34,208,STABILIZE
GRCC,900,1000,1000,1000,1000,1000,1000,1000
GTIME,21:34:40,25/01/2021
GRAW,47,-81,529,-27,14,14
GATT,-114,-6,207,STABILIZE
GRCC,900,1000,1000,1000,1000,1000,1000,1000
GTIME,21:34:40,25/01/2021
GRAW,57,-30,508,-54,-7,-7
GATT,-114,-6,207,STABILIZE
GRCC,900,1000,1000,1000,1000,1000,1000,1000
GTIME,21:34:40,25/01/2021
GRAW,49,-36,498,-51,-27,-27
GATT,-63,-47,211,STABILIZE
GRCC,900,1000,1000,1000,1000,1000,1000,1000
GTIME,21:34:40,25/01/2021
GRAW,49,-36,498,-51,-27,-27
GATT,-43,-58,211,STABILIZE
GRCC,900,1000,1000,1000,1000,1000,1000,1000
GTIME,21:34:40,25/01/2021
GRAW,22,-29,597,-37,-81,-81
GATT,-42,-57,210,STABILIZE
GRCC,900,1000,1000,1000,1000,1000,1000,1000
GTIME,21:34:40,25/01/2021
GRAW,-16,32,571,33,-10,-10
GATT,-20,-36,211,STABILIZE
GRCC,900,1000,1000,1000,1000,1000,1000,1000
GTIME,21:34:40,25/01/2021
GRAW,-23,21,514,-18,15,15
GATT,-20,-36,211,STABILIZE
GRCC,900,1000,1000,1000,1000,1000,1000,1000
GTIME,21:34:40,25/01/2021
GRAW,-23,21,514,-18,15,15
GATT,16,14,216,STABILIZE
GRCC,900,1000,1000,1000,1000,1000,1000,1000
GTIME,21:34:41,25/01/2021
GRAW,-1,-10,541,-6,-7,-7
GATT,10,12,217,STABILIZE
GRCC,900,1000,1000,1000,1000,1000,1000,1000
GTIME,21:34:41,25/01/2021
GRAW,0,8,505,1,2,2
GATT,10,12,217,STABILIZE
GRCC,900,1000,1000,1000,1000,1000,1000,1000
GTIME,21:34:41,25/01/2021
GRAW,0,8,505,1,2,2
GATT,5,1,213,STABILIZE
GRCC,900,1000,1000,1000,1000,1000,1000,1000
GTIME,21:34:41,25/01/2021
GRAW,-4,7,510,0,0,0
GATT,5,2,214,STABILIZE
GRCC,900,1000,1000,1000,1000,1000,1000,1000
GTIME,21:34:41,25/01/2021
GRAW,-2,4,513,0,0,0
GATT,5,2,214,STABILIZE
GRCC,900,1000,1000,1000,1000,1000,1000,1000
GTIME,21:34:41,25/01/2021
GRAW,-2,4,514,0,0,0
GATT,4,2,214,STABILIZE
GRCC,900,1000,1000,1000,1000,1000,1000,1000
GTIME,21:34:41,25/01/2021
GRAW,-2,4,514,0,0,0
GATT,4,2,214,STABILIZE
GRCC,900,1000,1000,1000,1000,1000,1000,1000
GTIME,21:34:41,25/01/2021
GRAW,-2,4,514,0,0,0
GATT,4,2,215,STABILIZE
GRCC,900,1000,1000,1000,1000,1000,1000,1000
GTIME,21:34:41,25/01/2021
GRAW,-3,5,514,0,0,0
GATT,4,2,215,STABILIZE
GRCC,900,1000,1000,1000,1000,1000,1000,1000
GTIME,21:34:41,25/01/2021
GRAW,-3,5,514,0,0,0
GATT,5,3,216,STABILIZE
GRCC,900,1000,1000,1000,1000,1000,1000,1000
GTIME,21:34:41,25/01/2021
GRAW,-3,5,514,0,0,0
GATT,5,3,216,STABILIZE
GRCC,900,1000,1000,1000,1000,1000,1000,1000
GTIME,21:34:41,25/01/2021
GRAW,-3,5,514,0,0,0
GATT,5,3,216,STABILIZE
GRCC,900,1000,1000,1000,1000,1000,1000,1000
GTIME,21:34:41,25/01/2021
GRAW,-2,4,514,0,0,0
GATT,5,3,216,STABILIZE
GRCC,900,1000,1000,1000,1000,1000,1000,1000
GTIME,21:34:41,25/01/2021
GRAW,-2,4,514,0,0,0
GATT,4,2,214,STABILIZE
GRCC,900,1000,1000,1000,1000,1000,1000,1000
GTIME,21:34:41,25/01/2021
GRAW,-3,5,514,0,0,0
GATT,5,3,215,STABILIZE
GRCC,900,1000,1000,1000,1000,1000,1000,1000
GTIME,21:34:41,25/01/2021
GRAW,-3,5,514,0,0,0
GATT,5,3,215,STABILIZE
GRCC,900,1000,1000,1000,1000,1000,1000,1000
GTIME,21:34:41,25/01/2021
GRAW,-3,5,514,0,0,0
GATT,5,2,214,STABILIZE
GRCC,900,1000,1000,1000,1000,1000,1000,1000
GTIME,21:34:41,25/01/2021
GRAW,-2,5,515,0,0,0
GATT,5,2,214,STABILIZE
GRCC,900,1000,1000,1000,1000,1000,1000,1000
GTIME,21:34:41,25/01/2021
GRAW,-2,5,514,0,0,0
GATT,5,2,214,STABILIZE
GRCC,900,1000,1000,1000,1000,1000,1000,1000
GTIME,21:34:41,25/01/2021
GRAW,-2,5,514,0,0,0
GATT,5,2,214,STABILIZE
GRCC,900,1000,1000,1000,1000,1000,1000,1000
GTIME,21:34:41,25/01/2021
GRAW,-2,5,515,0,0,0
GATT,5,2,214,STABILIZE
GRCC,900,1000,1000,1000,1000,1000,1000,1000
GTIME,21:34:41,25/01/2021
GRAW,-2,5,515,0,0,0
GATT,5,2,214,STABILIZE
GRCC,900,1000,1000,1000,1000,1000,1000,1000
GTIME,21:34:41,25/01/2021
GRAW,-2,5,515,0,0,0
GATT,5,2,214,STABILIZE
GRCC,900,1000,1000,1000,1000,1000,1000,1000
GTIME,21:34:41,25/01/2021
GRAW,-2,5,515,0,0,0
GATT,5,2,214,STABILIZE
GRCC,900,1000,1000,1000,1000,1000,1000,1000
GTIME,21:34:41,25/01/2021
GRAW,-2,5,514,0,0,0
GATT,5,2,214,STABILIZE
GRCC,900,1000,1000,1000,1000,1000,1000,1000
GTIME,21:34:41,25/01/2021
GRAW,-2,5,514,0,0,0
GATT,5,2,215,STABILIZE
GRCC,900,1000,1000,1000,1000,1000,1000,1000
GTIME,21:34:41,25/01/2021
GRAW,-2,5,514,0,0,0
GATT,5,2,215,STABILIZE
GRCC,900,1000,1000,1000,1000,1000,1000,1000
GTIME,21:34:41,25/01/2021
GRAW,-2,5,514,0,0,0
GATT,5,2,215,STABILIZE
GRCC,900,1000,1000,1000,1000,1000,1000,1000
GTIME,21:34:41,25/01/2021
GRAW,-3,5,514,0,0,0
GATT,5,2,214,STABILIZE
GRCC,900,1000,1000,1000,1000,1000,1000,1000
GTIME,21:34:41,25/01/2021
GRAW,-3,5,514,0,0,0
GATT,5,2,214,STABILIZE
GRCC,900,1000,1000,1000,1000,1000,1000,1000
GTIME,21:34:41,25/01/2021
GRAW,-2,5,514,0,0,0
GATT,5,2,214,STABILIZE
GRCC,900,1000,1000,1000,1000,1000,1000,1000
GTIME,21:34:41,25/01/2021
GRAW,-3,5,514,0,0,0
GATT,5,2,214,STABILIZE
GRCC,900,1000,1000,1000,1000,1000,1000,1000
GTIME,21:34:41,25/01/2021
GRAW,-3,5,514,0,0,0
GATT,5,2,214,STABILIZE
GRCC,900,1000,1000,1000,1000,1000,1000,1000
GTIME,21:34:41,25/01/2021
GRAW,-3,4,514,0,0,0
GATT,4,3,214,STABILIZE
GRCC,900,1000,1000,1000,1000,1000,1000,1000
GTIME,21:34:42,25/01/2021
GRAW,-3,5,514,0,0,0
GATT,4,3,214,STABILIZE
GRCC,900,1000,1000,1000,1000,1000,1000,1000
GTIME,21:34:42,25/01/2021
GRAW,-3,5,514,0,0,0
GATT,5,3,215,STABILIZE
GRCC,900,1000,1000,1000,1000,1000,1000,1000
GTIME,21:34:42,25/01/2021
GRAW,-3,4,514,0,0,0
GATT,5,3,215,STABILIZE
GRCC,900,1000,1000,1000,1000,1000,1000,1000
GTIME,21:34:42,25/01/2021
GRAW,-3,4,514,0,0,0
GATT,4,3,215,STABILIZE
GRCC,900,1000,1000,1000,1000,1000,1000,1000
GTIME,21:34:42,25/01/2021
GRAW,-3,5,514,0,0,0
GATT,5,3,215,STABILIZE
GRCC,900,1000,1000,1000,1000,1000,1000,1000
GTIME,21:34:42,25/01/2021
GRAW,-3,5,514,0,0,0
GATT,5,3,215,STABILIZE
GRCC,900,1000,1000,1000,1000,1000,1000,1000
GTIME,21:34:42,25/01/2021
GRAW,-3,5,514,0,0,0
GATT,5,2,215,STABILIZE
GRCC,900,1000,1000,1000,1000,1000,1000,1000
GTIME,21:34:42,25/01/2021
GRAW,-3,5,514,0,0,0
GATT,5,2,215,STABILIZE
GRCC,900,1000,1000,1000,1000,1000,1000,1000
GTIME,21:34:42,25/01/2021
GRAW,-3,5,514,0,0,0
GATT,5,3,215,STABILIZE
GRCC,900,1000,1000,1000,1000,1000,1000,1000
GTIME,21:34:42,25/01/2021
GRAW,-3,5,514,0,0,0
GATT,5,3,215,STABILIZE
GRCC,900,1000,1000,1000,1000,1000,1000,1000
GTIME,21:34:42,25/01/2021
GRAW,-3,5,514,0,0,0
GATT,5,3,215,STABILIZE
GRCC,900,1000,1000,1000,1000,1000,1000,1000
GTIME,21:34:42,25/01/2021
GRAW,-3,5,514,0,0,0
GATT,5,3,215,STABILIZE
GRCC,900,1000,1000,1000,1000,1000,1000,1000
GTIME,21:34:42,25/01/2021
GRAW,-3,5,514,0,0,0
GATT,5,3,215,STABILIZE
GRCC,900,1000,1000,1000,1000,1000,1000,1000
GTIME,21:34:42,25/01/2021
GRAW,-3,5,514,0,0,0
GATT,5,3,215,STABILIZE
GRCC,900,1000,1000,1000,1000,1000,1000,1000
GTIME,21:34:42,25/01/2021
GRAW,-3,5,514,0,0,0
GATT,5,3,215,STABILIZE
GRCC,900,1000,1000,1000,1000,1000,1000,1000
GTIME,21:34:42,25/01/2021
GRAW,-3,5,514,0,0,0
GATT,5,3,214,STABILIZE
GRCC,900,1000,1000,1000,1000,1000,1000,1000
GTIME,21:34:42,25/01/2021
GRAW,-3,5,514,0,0,0
GATT,5,3,214,STABILIZE
GRCC,900,1000,1000,1000,1000,1000,1000,1000
GTIME,21:34:42,25/01/2021
GRAW,-3,5,514,0,0,0
GATT,5,3,214,STABILIZE
GRCC,900,1000,1000,1000,1000,1000,1000,1000
GTIME,21:34:42,25/01/2021
GRAW,-3,4,515,0,0,0
GATT,4,3,215,STABILIZE
GRCC,900,1000,1000,1000,1000,1000,1000,1000
GTIME,21:34:42,25/01/2021
GRAW,-3,5,514,0,0,0
GATT,4,3,215,STABILIZE
GRCC,900,1000,1000,1000,1000,1000,1000,1000
GTIME,21:34:42,25/01/2021
GRAW,-3,5,514,0,0,0
GATT,4,3,215,STABILIZE
GRCC,900,1000,1000,1000,1000,1000,1000,1000
GTIME,21:34:42,25/01/2021
GRAW,-3,5,514,0,0,0
GATT,5,3,216,STABILIZE
GRCC,900,1000,1000,1000,1000,1000,1000,1000
GTIME,21:34:42,25/01/2021
GRAW,-3,5,514,0,0,0
GATT,5,3,216,STABILIZE
GRCC,900,1000,1000,1000,1000,1000,1000,1000
GTIME,21:34:42,25/01/2021
GRAW,-3,5,514,0,0,0
GATT,5,3,216,STABILIZE
GRCC,900,1000,1000,1000,1000,1000,1000,1000
GTIME,21:34:42,25/01/2021
GRAW,-3,5,514,0,0,0
GATT,5,3,216,STABILIZE
GRCC,900,1000,1000,1000,1000,1000,1000,1000
GTIME,21:34:42,25/01/2021
GRAW,-3,5,514,0,0,0
GATT,5,3,216,STABILIZE
GRCC,900,1000,1000,1000,1000,1000,1000,1000
GTIME,21:34:42,25/01/2021
GRAW,-3,5,514,0,0,0
GATT,5,3,216,STABILIZE
GRCC,900,1000,1000,1000,1000,1000,1000,1000
GTIME,21:34:42,25/01/2021
GRAW,-3,5,514,0,0,0
GATT,5,3,216,STABILIZE
GRCC,900,1000,1000,1000,1000,1000,1000,1000
GTIME,21:34:42,25/01/2021
GRAW,-3,5,515,0,0,0
GATT,5,3,214,STABILIZE
GRCC,900,1000,1000,1000,1000,1000,1000,1000
GTIME,21:34:42,25/01/2021
GRAW,-3,5,514,0,0,0
GATT,5,3,214,STABILIZE
GRCC,900,1000,1000,1000,1000,1000,1000,1000
